{"/Users/alfredhong/Desktop/CPSC310/cpsc310project_team183/src/rest/Server.js":{"path":"/Users/alfredhong/Desktop/CPSC310/cpsc310project_team183/src/rest/Server.js","statementMap":{"0":{"start":{"line":2,"column":14},"end":{"line":2,"column":32}},"1":{"start":{"line":3,"column":22},"end":{"line":3,"column":60}},"2":{"start":{"line":4,"column":13},"end":{"line":4,"column":31}},"3":{"start":{"line":5,"column":14},"end":{"line":126,"column":3}},"4":{"start":{"line":7,"column":8},"end":{"line":7,"column":62}},"5":{"start":{"line":8,"column":8},"end":{"line":8,"column":25}},"6":{"start":{"line":9,"column":8},"end":{"line":9,"column":50}},"7":{"start":{"line":11,"column":4},"end":{"line":19,"column":6}},"8":{"start":{"line":12,"column":8},"end":{"line":12,"column":47}},"9":{"start":{"line":13,"column":19},"end":{"line":13,"column":23}},"10":{"start":{"line":14,"column":8},"end":{"line":18,"column":11}},"11":{"start":{"line":15,"column":12},"end":{"line":17,"column":15}},"12":{"start":{"line":16,"column":16},"end":{"line":16,"column":30}},"13":{"start":{"line":20,"column":4},"end":{"line":103,"column":6}},"14":{"start":{"line":21,"column":19},"end":{"line":21,"column":23}},"15":{"start":{"line":22,"column":8},"end":{"line":102,"column":11}},"16":{"start":{"line":23,"column":12},"end":{"line":101,"column":13}},"17":{"start":{"line":24,"column":16},"end":{"line":24,"column":63}},"18":{"start":{"line":25,"column":16},"end":{"line":27,"column":19}},"19":{"start":{"line":28,"column":16},"end":{"line":28,"column":87}},"20":{"start":{"line":29,"column":16},"end":{"line":32,"column":19}},"21":{"start":{"line":30,"column":20},"end":{"line":30,"column":34}},"22":{"start":{"line":31,"column":20},"end":{"line":31,"column":34}},"23":{"start":{"line":33,"column":16},"end":{"line":33,"column":57}},"24":{"start":{"line":34,"column":16},"end":{"line":50,"column":19}},"25":{"start":{"line":35,"column":20},"end":{"line":49,"column":21}},"26":{"start":{"line":36,"column":38},"end":{"line":36,"column":84}},"27":{"start":{"line":37,"column":40},"end":{"line":37,"column":53}},"28":{"start":{"line":38,"column":24},"end":{"line":44,"column":27}},"29":{"start":{"line":39,"column":28},"end":{"line":39,"column":53}},"30":{"start":{"line":40,"column":28},"end":{"line":40,"column":35}},"31":{"start":{"line":42,"column":28},"end":{"line":42,"column":51}},"32":{"start":{"line":43,"column":28},"end":{"line":43,"column":35}},"33":{"start":{"line":47,"column":24},"end":{"line":47,"column":42}},"34":{"start":{"line":48,"column":24},"end":{"line":48,"column":31}},"35":{"start":{"line":51,"column":16},"end":{"line":66,"column":19}},"36":{"start":{"line":52,"column":20},"end":{"line":65,"column":21}},"37":{"start":{"line":53,"column":40},"end":{"line":53,"column":53}},"38":{"start":{"line":54,"column":24},"end":{"line":60,"column":27}},"39":{"start":{"line":55,"column":28},"end":{"line":55,"column":53}},"40":{"start":{"line":56,"column":28},"end":{"line":56,"column":35}},"41":{"start":{"line":58,"column":28},"end":{"line":58,"column":51}},"42":{"start":{"line":59,"column":28},"end":{"line":59,"column":35}},"43":{"start":{"line":63,"column":24},"end":{"line":63,"column":42}},"44":{"start":{"line":64,"column":24},"end":{"line":64,"column":31}},"45":{"start":{"line":67,"column":16},"end":{"line":88,"column":19}},"46":{"start":{"line":68,"column":20},"end":{"line":87,"column":21}},"47":{"start":{"line":69,"column":38},"end":{"line":69,"column":46}},"48":{"start":{"line":70,"column":40},"end":{"line":70,"column":53}},"49":{"start":{"line":71,"column":24},"end":{"line":82,"column":27}},"50":{"start":{"line":72,"column":28},"end":{"line":77,"column":29}},"51":{"start":{"line":73,"column":32},"end":{"line":73,"column":65}},"52":{"start":{"line":76,"column":32},"end":{"line":76,"column":57}},"53":{"start":{"line":78,"column":28},"end":{"line":78,"column":35}},"54":{"start":{"line":80,"column":28},"end":{"line":80,"column":51}},"55":{"start":{"line":81,"column":28},"end":{"line":81,"column":35}},"56":{"start":{"line":85,"column":24},"end":{"line":85,"column":42}},"57":{"start":{"line":86,"column":24},"end":{"line":86,"column":31}},"58":{"start":{"line":89,"column":16},"end":{"line":92,"column":19}},"59":{"start":{"line":90,"column":20},"end":{"line":90,"column":97}},"60":{"start":{"line":91,"column":20},"end":{"line":91,"column":34}},"61":{"start":{"line":93,"column":16},"end":{"line":96,"column":19}},"62":{"start":{"line":94,"column":20},"end":{"line":94,"column":83}},"63":{"start":{"line":95,"column":20},"end":{"line":95,"column":32}},"64":{"start":{"line":99,"column":16},"end":{"line":99,"column":72}},"65":{"start":{"line":100,"column":16},"end":{"line":100,"column":28}},"66":{"start":{"line":104,"column":4},"end":{"line":116,"column":6}},"67":{"start":{"line":105,"column":8},"end":{"line":105,"column":89}},"68":{"start":{"line":106,"column":8},"end":{"line":114,"column":9}},"69":{"start":{"line":107,"column":25},"end":{"line":107,"column":59}},"70":{"start":{"line":108,"column":12},"end":{"line":108,"column":80}},"71":{"start":{"line":109,"column":12},"end":{"line":109,"column":47}},"72":{"start":{"line":112,"column":12},"end":{"line":112,"column":70}},"73":{"start":{"line":113,"column":12},"end":{"line":113,"column":50}},"74":{"start":{"line":115,"column":8},"end":{"line":115,"column":22}},"75":{"start":{"line":117,"column":4},"end":{"line":124,"column":6}},"76":{"start":{"line":118,"column":8},"end":{"line":123,"column":9}},"77":{"start":{"line":119,"column":12},"end":{"line":119,"column":71}},"78":{"start":{"line":122,"column":12},"end":{"line":122,"column":74}},"79":{"start":{"line":125,"column":4},"end":{"line":125,"column":18}},"80":{"start":{"line":127,"column":0},"end":{"line":127,"column":62}},"81":{"start":{"line":128,"column":0},"end":{"line":128,"column":25}}},"fnMap":{"0":{"name":"(anonymous_0)","decl":{"start":{"line":5,"column":14},"end":{"line":5,"column":15}},"loc":{"start":{"line":5,"column":26},"end":{"line":126,"column":1}}},"1":{"name":"Server","decl":{"start":{"line":6,"column":13},"end":{"line":6,"column":19}},"loc":{"start":{"line":6,"column":26},"end":{"line":10,"column":5}}},"2":{"name":"(anonymous_2)","decl":{"start":{"line":11,"column":28},"end":{"line":11,"column":29}},"loc":{"start":{"line":11,"column":40},"end":{"line":19,"column":5}}},"3":{"name":"(anonymous_3)","decl":{"start":{"line":14,"column":27},"end":{"line":14,"column":28}},"loc":{"start":{"line":14,"column":46},"end":{"line":18,"column":9}}},"4":{"name":"(anonymous_4)","decl":{"start":{"line":15,"column":28},"end":{"line":15,"column":29}},"loc":{"start":{"line":15,"column":40},"end":{"line":17,"column":13}}},"5":{"name":"(anonymous_5)","decl":{"start":{"line":20,"column":29},"end":{"line":20,"column":30}},"loc":{"start":{"line":20,"column":41},"end":{"line":103,"column":5}}},"6":{"name":"(anonymous_6)","decl":{"start":{"line":22,"column":27},"end":{"line":22,"column":28}},"loc":{"start":{"line":22,"column":54},"end":{"line":102,"column":9}}},"7":{"name":"(anonymous_7)","decl":{"start":{"line":29,"column":35},"end":{"line":29,"column":36}},"loc":{"start":{"line":29,"column":61},"end":{"line":32,"column":17}}},"8":{"name":"(anonymous_8)","decl":{"start":{"line":34,"column":46},"end":{"line":34,"column":47}},"loc":{"start":{"line":34,"column":72},"end":{"line":50,"column":17}}},"9":{"name":"(anonymous_9)","decl":{"start":{"line":38,"column":77},"end":{"line":38,"column":78}},"loc":{"start":{"line":38,"column":94},"end":{"line":41,"column":25}}},"10":{"name":"(anonymous_10)","decl":{"start":{"line":41,"column":33},"end":{"line":41,"column":34}},"loc":{"start":{"line":41,"column":48},"end":{"line":44,"column":25}}},"11":{"name":"(anonymous_11)","decl":{"start":{"line":51,"column":46},"end":{"line":51,"column":47}},"loc":{"start":{"line":51,"column":72},"end":{"line":66,"column":17}}},"12":{"name":"(anonymous_12)","decl":{"start":{"line":54,"column":71},"end":{"line":54,"column":72}},"loc":{"start":{"line":54,"column":88},"end":{"line":57,"column":25}}},"13":{"name":"(anonymous_13)","decl":{"start":{"line":57,"column":33},"end":{"line":57,"column":34}},"loc":{"start":{"line":57,"column":48},"end":{"line":60,"column":25}}},"14":{"name":"(anonymous_14)","decl":{"start":{"line":67,"column":41},"end":{"line":67,"column":42}},"loc":{"start":{"line":67,"column":67},"end":{"line":88,"column":17}}},"15":{"name":"(anonymous_15)","decl":{"start":{"line":71,"column":68},"end":{"line":71,"column":69}},"loc":{"start":{"line":71,"column":85},"end":{"line":79,"column":25}}},"16":{"name":"(anonymous_16)","decl":{"start":{"line":79,"column":33},"end":{"line":79,"column":34}},"loc":{"start":{"line":79,"column":48},"end":{"line":82,"column":25}}},"17":{"name":"(anonymous_17)","decl":{"start":{"line":89,"column":44},"end":{"line":89,"column":45}},"loc":{"start":{"line":89,"column":56},"end":{"line":92,"column":17}}},"18":{"name":"(anonymous_18)","decl":{"start":{"line":93,"column":38},"end":{"line":93,"column":39}},"loc":{"start":{"line":93,"column":53},"end":{"line":96,"column":17}}},"19":{"name":"(anonymous_19)","decl":{"start":{"line":104,"column":18},"end":{"line":104,"column":19}},"loc":{"start":{"line":104,"column":44},"end":{"line":116,"column":5}}},"20":{"name":"(anonymous_20)","decl":{"start":{"line":117,"column":25},"end":{"line":117,"column":26}},"loc":{"start":{"line":117,"column":40},"end":{"line":124,"column":5}}}},"branchMap":{"0":{"loc":{"start":{"line":35,"column":20},"end":{"line":49,"column":21}},"type":"if","locations":[{"start":{"line":35,"column":20},"end":{"line":49,"column":21}},{"start":{"line":35,"column":20},"end":{"line":49,"column":21}}]},"1":{"loc":{"start":{"line":52,"column":20},"end":{"line":65,"column":21}},"type":"if","locations":[{"start":{"line":52,"column":20},"end":{"line":65,"column":21}},{"start":{"line":52,"column":20},"end":{"line":65,"column":21}}]},"2":{"loc":{"start":{"line":68,"column":20},"end":{"line":87,"column":21}},"type":"if","locations":[{"start":{"line":68,"column":20},"end":{"line":87,"column":21}},{"start":{"line":68,"column":20},"end":{"line":87,"column":21}}]},"3":{"loc":{"start":{"line":72,"column":28},"end":{"line":77,"column":29}},"type":"if","locations":[{"start":{"line":72,"column":28},"end":{"line":77,"column":29}},{"start":{"line":72,"column":28},"end":{"line":77,"column":29}}]},"4":{"loc":{"start":{"line":118,"column":8},"end":{"line":123,"column":9}},"type":"if","locations":[{"start":{"line":118,"column":8},"end":{"line":123,"column":9}},{"start":{"line":118,"column":8},"end":{"line":123,"column":9}}]},"5":{"loc":{"start":{"line":118,"column":12},"end":{"line":118,"column":54}},"type":"binary-expr","locations":[{"start":{"line":118,"column":12},"end":{"line":118,"column":38}},{"start":{"line":118,"column":42},"end":{"line":118,"column":54}}]}},"s":{"0":1,"1":1,"2":1,"3":1,"4":1,"5":1,"6":1,"7":1,"8":1,"9":1,"10":1,"11":1,"12":1,"13":1,"14":1,"15":1,"16":1,"17":1,"18":1,"19":1,"20":1,"21":0,"22":0,"23":1,"24":1,"25":2,"26":2,"27":2,"28":2,"29":2,"30":2,"31":0,"32":0,"33":0,"34":0,"35":1,"36":1,"37":1,"38":1,"39":1,"40":1,"41":0,"42":0,"43":0,"44":0,"45":1,"46":1,"47":1,"48":1,"49":1,"50":1,"51":1,"52":0,"53":1,"54":0,"55":0,"56":0,"57":0,"58":1,"59":1,"60":1,"61":1,"62":0,"63":0,"64":0,"65":0,"66":1,"67":0,"68":0,"69":0,"70":0,"71":0,"72":0,"73":0,"74":0,"75":1,"76":4,"77":2,"78":2,"79":1,"80":1,"81":1},"f":{"0":1,"1":1,"2":1,"3":1,"4":1,"5":1,"6":1,"7":0,"8":2,"9":2,"10":0,"11":1,"12":1,"13":0,"14":1,"15":1,"16":0,"17":1,"18":0,"19":0,"20":4},"b":{"0":[2,0],"1":[1,0],"2":[1,0],"3":[1,0],"4":[2,2],"5":[4,3]},"_coverageSchema":"332fd63041d2c1bcb487cc26dd0d5f7d97098a6c","hash":"dedcf2f1639bd845a4f01e4c951d3866acfae7fc","contentHash":"76ab6c6889add1dbcf03b0209547f3dc_10.0.0"},"/Users/alfredhong/Desktop/CPSC310/cpsc310project_team183/src/controller/InsightFacade.js":{"path":"/Users/alfredhong/Desktop/CPSC310/cpsc310project_team183/src/controller/InsightFacade.js","statementMap":{"0":{"start":{"line":2,"column":19},"end":{"line":2,"column":42}},"1":{"start":{"line":3,"column":13},"end":{"line":3,"column":31}},"2":{"start":{"line":4,"column":13},"end":{"line":4,"column":28}},"3":{"start":{"line":5,"column":12},"end":{"line":5,"column":28}},"4":{"start":{"line":6,"column":9},"end":{"line":6,"column":22}},"5":{"start":{"line":7,"column":13},"end":{"line":7,"column":30}},"6":{"start":{"line":9,"column":11},"end":{"line":9,"column":26}},"7":{"start":{"line":11,"column":21},"end":{"line":337,"column":3}},"8":{"start":{"line":13,"column":8},"end":{"line":13,"column":58}},"9":{"start":{"line":14,"column":8},"end":{"line":14,"column":27}},"10":{"start":{"line":15,"column":8},"end":{"line":15,"column":24}},"11":{"start":{"line":17,"column":4},"end":{"line":170,"column":6}},"12":{"start":{"line":18,"column":26},"end":{"line":18,"column":28}},"13":{"start":{"line":19,"column":27},"end":{"line":19,"column":29}},"14":{"start":{"line":20,"column":22},"end":{"line":20,"column":48}},"15":{"start":{"line":21,"column":36},"end":{"line":21,"column":41}},"16":{"start":{"line":22,"column":8},"end":{"line":169,"column":11}},"17":{"start":{"line":24,"column":26},"end":{"line":24,"column":42}},"18":{"start":{"line":25,"column":26},"end":{"line":25,"column":44}},"19":{"start":{"line":26,"column":12},"end":{"line":33,"column":13}},"20":{"start":{"line":27,"column":16},"end":{"line":27,"column":38}},"21":{"start":{"line":28,"column":16},"end":{"line":28,"column":92}},"22":{"start":{"line":31,"column":16},"end":{"line":31,"column":38}},"23":{"start":{"line":32,"column":16},"end":{"line":32,"column":84}},"24":{"start":{"line":34,"column":12},"end":{"line":34,"column":53}},"25":{"start":{"line":37,"column":33},"end":{"line":37,"column":35}},"26":{"start":{"line":38,"column":12},"end":{"line":68,"column":13}},"27":{"start":{"line":40,"column":20},"end":{"line":51,"column":21}},"28":{"start":{"line":41,"column":24},"end":{"line":45,"column":27}},"29":{"start":{"line":42,"column":28},"end":{"line":44,"column":29}},"30":{"start":{"line":43,"column":32},"end":{"line":43,"column":97}},"31":{"start":{"line":48,"column":24},"end":{"line":48,"column":46}},"32":{"start":{"line":49,"column":24},"end":{"line":49,"column":71}},"33":{"start":{"line":50,"column":24},"end":{"line":50,"column":38}},"34":{"start":{"line":52,"column":20},"end":{"line":52,"column":26}},"35":{"start":{"line":54,"column":20},"end":{"line":66,"column":21}},"36":{"start":{"line":55,"column":42},"end":{"line":55,"column":53}},"37":{"start":{"line":56,"column":24},"end":{"line":56,"column":122}},"38":{"start":{"line":57,"column":24},"end":{"line":60,"column":27}},"39":{"start":{"line":58,"column":28},"end":{"line":59,"column":96}},"40":{"start":{"line":59,"column":32},"end":{"line":59,"column":96}},"41":{"start":{"line":63,"column":24},"end":{"line":63,"column":46}},"42":{"start":{"line":64,"column":24},"end":{"line":64,"column":71}},"43":{"start":{"line":65,"column":24},"end":{"line":65,"column":38}},"44":{"start":{"line":67,"column":20},"end":{"line":67,"column":26}},"45":{"start":{"line":69,"column":12},"end":{"line":69,"column":47}},"46":{"start":{"line":72,"column":12},"end":{"line":72,"column":42}},"47":{"start":{"line":73,"column":12},"end":{"line":129,"column":13}},"48":{"start":{"line":74,"column":32},"end":{"line":74,"column":38}},"49":{"start":{"line":75,"column":16},"end":{"line":92,"column":17}},"50":{"start":{"line":76,"column":35},"end":{"line":76,"column":49}},"51":{"start":{"line":77,"column":20},"end":{"line":91,"column":21}},"52":{"start":{"line":78,"column":24},"end":{"line":78,"column":57}},"53":{"start":{"line":79,"column":24},"end":{"line":85,"column":25}},"54":{"start":{"line":80,"column":28},"end":{"line":83,"column":29}},"55":{"start":{"line":81,"column":48},"end":{"line":81,"column":54}},"56":{"start":{"line":82,"column":32},"end":{"line":82,"column":60}},"57":{"start":{"line":84,"column":28},"end":{"line":84,"column":57}},"58":{"start":{"line":88,"column":24},"end":{"line":88,"column":46}},"59":{"start":{"line":89,"column":24},"end":{"line":89,"column":71}},"60":{"start":{"line":90,"column":24},"end":{"line":90,"column":38}},"61":{"start":{"line":93,"column":16},"end":{"line":93,"column":52}},"62":{"start":{"line":95,"column":17},"end":{"line":129,"column":13}},"63":{"start":{"line":96,"column":40},"end":{"line":96,"column":42}},"64":{"start":{"line":97,"column":16},"end":{"line":100,"column":17}},"65":{"start":{"line":98,"column":35},"end":{"line":98,"column":49}},"66":{"start":{"line":99,"column":20},"end":{"line":99,"column":64}},"67":{"start":{"line":101,"column":16},"end":{"line":125,"column":19}},"68":{"start":{"line":103,"column":20},"end":{"line":123,"column":21}},"69":{"start":{"line":104,"column":40},"end":{"line":104,"column":42}},"70":{"start":{"line":105,"column":24},"end":{"line":110,"column":25}},"71":{"start":{"line":106,"column":42},"end":{"line":106,"column":58}},"72":{"start":{"line":107,"column":28},"end":{"line":109,"column":29}},"73":{"start":{"line":108,"column":32},"end":{"line":108,"column":70}},"74":{"start":{"line":111,"column":24},"end":{"line":117,"column":25}},"75":{"start":{"line":112,"column":28},"end":{"line":115,"column":29}},"76":{"start":{"line":113,"column":48},"end":{"line":113,"column":63}},"77":{"start":{"line":114,"column":32},"end":{"line":114,"column":60}},"78":{"start":{"line":116,"column":28},"end":{"line":116,"column":57}},"79":{"start":{"line":120,"column":24},"end":{"line":120,"column":46}},"80":{"start":{"line":121,"column":24},"end":{"line":121,"column":71}},"81":{"start":{"line":122,"column":24},"end":{"line":122,"column":38}},"82":{"start":{"line":124,"column":20},"end":{"line":124,"column":56}},"83":{"start":{"line":128,"column":16},"end":{"line":128,"column":76}},"84":{"start":{"line":132,"column":12},"end":{"line":136,"column":13}},"85":{"start":{"line":133,"column":16},"end":{"line":133,"column":38}},"86":{"start":{"line":134,"column":16},"end":{"line":134,"column":88}},"87":{"start":{"line":135,"column":16},"end":{"line":135,"column":30}},"88":{"start":{"line":137,"column":12},"end":{"line":141,"column":13}},"89":{"start":{"line":138,"column":16},"end":{"line":138,"column":38}},"90":{"start":{"line":139,"column":16},"end":{"line":139,"column":78}},"91":{"start":{"line":140,"column":16},"end":{"line":140,"column":30}},"92":{"start":{"line":142,"column":12},"end":{"line":151,"column":13}},"93":{"start":{"line":143,"column":16},"end":{"line":147,"column":17}},"94":{"start":{"line":144,"column":40},"end":{"line":144,"column":65}},"95":{"start":{"line":145,"column":20},"end":{"line":146,"column":57}},"96":{"start":{"line":146,"column":24},"end":{"line":146,"column":57}},"97":{"start":{"line":149,"column":17},"end":{"line":151,"column":13}},"98":{"start":{"line":150,"column":16},"end":{"line":150,"column":43}},"99":{"start":{"line":152,"column":12},"end":{"line":153,"column":47}},"100":{"start":{"line":153,"column":16},"end":{"line":153,"column":47}},"101":{"start":{"line":154,"column":12},"end":{"line":154,"column":41}},"102":{"start":{"line":155,"column":27},"end":{"line":155,"column":38}},"103":{"start":{"line":156,"column":12},"end":{"line":164,"column":13}},"104":{"start":{"line":157,"column":16},"end":{"line":158,"column":19}},"105":{"start":{"line":161,"column":16},"end":{"line":161,"column":38}},"106":{"start":{"line":162,"column":16},"end":{"line":162,"column":63}},"107":{"start":{"line":163,"column":16},"end":{"line":163,"column":30}},"108":{"start":{"line":165,"column":12},"end":{"line":165,"column":27}},"109":{"start":{"line":168,"column":12},"end":{"line":168,"column":68}},"110":{"start":{"line":171,"column":4},"end":{"line":195,"column":6}},"111":{"start":{"line":172,"column":23},"end":{"line":172,"column":41}},"112":{"start":{"line":173,"column":17},"end":{"line":173,"column":43}},"113":{"start":{"line":174,"column":8},"end":{"line":176,"column":9}},"114":{"start":{"line":175,"column":12},"end":{"line":175,"column":30}},"115":{"start":{"line":177,"column":8},"end":{"line":194,"column":11}},"116":{"start":{"line":178,"column":12},"end":{"line":189,"column":15}},"117":{"start":{"line":179,"column":16},"end":{"line":181,"column":17}},"118":{"start":{"line":180,"column":20},"end":{"line":180,"column":78}},"119":{"start":{"line":182,"column":16},"end":{"line":188,"column":19}},"120":{"start":{"line":183,"column":20},"end":{"line":187,"column":57}},"121":{"start":{"line":184,"column":24},"end":{"line":184,"column":82}},"122":{"start":{"line":187,"column":24},"end":{"line":187,"column":57}},"123":{"start":{"line":191,"column":12},"end":{"line":193,"column":15}},"124":{"start":{"line":192,"column":16},"end":{"line":192,"column":74}},"125":{"start":{"line":196,"column":4},"end":{"line":335,"column":6}},"126":{"start":{"line":197,"column":32},"end":{"line":197,"column":34}},"127":{"start":{"line":198,"column":24},"end":{"line":198,"column":28}},"128":{"start":{"line":199,"column":20},"end":{"line":199,"column":24}},"129":{"start":{"line":200,"column":22},"end":{"line":200,"column":26}},"130":{"start":{"line":201,"column":27},"end":{"line":201,"column":29}},"131":{"start":{"line":202,"column":8},"end":{"line":209,"column":9}},"132":{"start":{"line":203,"column":12},"end":{"line":203,"column":56}},"133":{"start":{"line":206,"column":12},"end":{"line":208,"column":15}},"134":{"start":{"line":207,"column":16},"end":{"line":207,"column":89}},"135":{"start":{"line":210,"column":8},"end":{"line":214,"column":9}},"136":{"start":{"line":211,"column":12},"end":{"line":213,"column":15}},"137":{"start":{"line":212,"column":16},"end":{"line":212,"column":90}},"138":{"start":{"line":215,"column":31},"end":{"line":215,"column":63}},"139":{"start":{"line":216,"column":25},"end":{"line":216,"column":54}},"140":{"start":{"line":217,"column":24},"end":{"line":217,"column":53}},"141":{"start":{"line":218,"column":8},"end":{"line":221,"column":28}},"142":{"start":{"line":219,"column":12},"end":{"line":219,"column":30}},"143":{"start":{"line":220,"column":13},"end":{"line":221,"column":28}},"144":{"start":{"line":221,"column":12},"end":{"line":221,"column":28}},"145":{"start":{"line":222,"column":8},"end":{"line":263,"column":9}},"146":{"start":{"line":223,"column":12},"end":{"line":262,"column":13}},"147":{"start":{"line":224,"column":41},"end":{"line":224,"column":71}},"148":{"start":{"line":225,"column":35},"end":{"line":225,"column":66}},"149":{"start":{"line":226,"column":34},"end":{"line":226,"column":65}},"150":{"start":{"line":227,"column":16},"end":{"line":235,"column":17}},"151":{"start":{"line":228,"column":20},"end":{"line":228,"column":38}},"152":{"start":{"line":229,"column":21},"end":{"line":235,"column":17}},"153":{"start":{"line":230,"column":20},"end":{"line":230,"column":36}},"154":{"start":{"line":232,"column":20},"end":{"line":234,"column":23}},"155":{"start":{"line":233,"column":24},"end":{"line":233,"column":92}},"156":{"start":{"line":238,"column":34},"end":{"line":238,"column":60}},"157":{"start":{"line":239,"column":34},"end":{"line":239,"column":54}},"158":{"start":{"line":240,"column":16},"end":{"line":261,"column":17}},"159":{"start":{"line":241,"column":35},"end":{"line":241,"column":49}},"160":{"start":{"line":242,"column":35},"end":{"line":242,"column":59}},"161":{"start":{"line":243,"column":29},"end":{"line":243,"column":47}},"162":{"start":{"line":244,"column":32},"end":{"line":244,"column":50}},"163":{"start":{"line":245,"column":28},"end":{"line":245,"column":37}},"164":{"start":{"line":246,"column":39},"end":{"line":246,"column":53}},"165":{"start":{"line":247,"column":38},"end":{"line":247,"column":52}},"166":{"start":{"line":248,"column":20},"end":{"line":260,"column":21}},"167":{"start":{"line":249,"column":24},"end":{"line":249,"column":42}},"168":{"start":{"line":250,"column":24},"end":{"line":250,"column":48}},"169":{"start":{"line":252,"column":25},"end":{"line":260,"column":21}},"170":{"start":{"line":253,"column":24},"end":{"line":253,"column":40}},"171":{"start":{"line":254,"column":24},"end":{"line":254,"column":48}},"172":{"start":{"line":257,"column":24},"end":{"line":259,"column":27}},"173":{"start":{"line":258,"column":28},"end":{"line":258,"column":96}},"174":{"start":{"line":264,"column":8},"end":{"line":264,"column":42}},"175":{"start":{"line":265,"column":22},"end":{"line":265,"column":40}},"176":{"start":{"line":266,"column":22},"end":{"line":266,"column":40}},"177":{"start":{"line":267,"column":30},"end":{"line":267,"column":56}},"178":{"start":{"line":268,"column":8},"end":{"line":270,"column":9}},"179":{"start":{"line":269,"column":28},"end":{"line":269,"column":56}},"180":{"start":{"line":271,"column":20},"end":{"line":271,"column":34}},"181":{"start":{"line":273,"column":8},"end":{"line":274,"column":37}},"182":{"start":{"line":274,"column":12},"end":{"line":274,"column":37}},"183":{"start":{"line":275,"column":27},"end":{"line":275,"column":45}},"184":{"start":{"line":276,"column":8},"end":{"line":334,"column":11}},"185":{"start":{"line":277,"column":28},"end":{"line":277,"column":46}},"186":{"start":{"line":278,"column":28},"end":{"line":278,"column":40}},"187":{"start":{"line":279,"column":32},"end":{"line":279,"column":49}},"188":{"start":{"line":280,"column":12},"end":{"line":293,"column":15}},"189":{"start":{"line":281,"column":16},"end":{"line":292,"column":17}},"190":{"start":{"line":282,"column":20},"end":{"line":288,"column":21}},"191":{"start":{"line":283,"column":24},"end":{"line":283,"column":55}},"192":{"start":{"line":285,"column":24},"end":{"line":287,"column":25}},"193":{"start":{"line":286,"column":28},"end":{"line":286,"column":59}},"194":{"start":{"line":291,"column":20},"end":{"line":291,"column":32}},"195":{"start":{"line":294,"column":12},"end":{"line":298,"column":13}},"196":{"start":{"line":295,"column":16},"end":{"line":297,"column":17}},"197":{"start":{"line":296,"column":20},"end":{"line":296,"column":102}},"198":{"start":{"line":299,"column":12},"end":{"line":300,"column":49}},"199":{"start":{"line":300,"column":16},"end":{"line":300,"column":49}},"200":{"start":{"line":301,"column":12},"end":{"line":317,"column":13}},"201":{"start":{"line":302,"column":34},"end":{"line":302,"column":50}},"202":{"start":{"line":303,"column":16},"end":{"line":316,"column":17}},"203":{"start":{"line":304,"column":20},"end":{"line":304,"column":72}},"204":{"start":{"line":306,"column":21},"end":{"line":316,"column":17}},"205":{"start":{"line":307,"column":40},"end":{"line":307,"column":58}},"206":{"start":{"line":308,"column":20},"end":{"line":308,"column":53}},"207":{"start":{"line":309,"column":20},"end":{"line":312,"column":89}},"208":{"start":{"line":310,"column":24},"end":{"line":310,"column":90}},"209":{"start":{"line":312,"column":24},"end":{"line":312,"column":89}},"210":{"start":{"line":315,"column":20},"end":{"line":315,"column":32}},"211":{"start":{"line":318,"column":12},"end":{"line":318,"column":28}},"212":{"start":{"line":319,"column":27},"end":{"line":319,"column":45}},"213":{"start":{"line":320,"column":12},"end":{"line":320,"column":63}},"214":{"start":{"line":321,"column":12},"end":{"line":323,"column":15}},"215":{"start":{"line":322,"column":16},"end":{"line":322,"column":88}},"216":{"start":{"line":325,"column":12},"end":{"line":333,"column":19}},"217":{"start":{"line":326,"column":16},"end":{"line":328,"column":19}},"218":{"start":{"line":327,"column":20},"end":{"line":327,"column":66}},"219":{"start":{"line":331,"column":16},"end":{"line":333,"column":19}},"220":{"start":{"line":332,"column":20},"end":{"line":332,"column":32}},"221":{"start":{"line":336,"column":4},"end":{"line":336,"column":25}},"222":{"start":{"line":338,"column":0},"end":{"line":338,"column":62}},"223":{"start":{"line":339,"column":0},"end":{"line":339,"column":32}},"224":{"start":{"line":341,"column":16},"end":{"line":341,"column":30}},"225":{"start":{"line":342,"column":16},"end":{"line":342,"column":30}},"226":{"start":{"line":343,"column":19},"end":{"line":343,"column":28}},"227":{"start":{"line":344,"column":4},"end":{"line":344,"column":65}},"228":{"start":{"line":345,"column":4},"end":{"line":345,"column":26}},"229":{"start":{"line":346,"column":4},"end":{"line":355,"column":5}},"230":{"start":{"line":347,"column":23},"end":{"line":347,"column":44}},"231":{"start":{"line":348,"column":25},"end":{"line":348,"column":40}},"232":{"start":{"line":349,"column":24},"end":{"line":349,"column":50}},"233":{"start":{"line":351,"column":8},"end":{"line":351,"column":99}},"234":{"start":{"line":354,"column":8},"end":{"line":354,"column":99}},"235":{"start":{"line":356,"column":4},"end":{"line":356,"column":18}},"236":{"start":{"line":359,"column":18},"end":{"line":359,"column":40}},"237":{"start":{"line":360,"column":4},"end":{"line":363,"column":5}},"238":{"start":{"line":361,"column":8},"end":{"line":362,"column":26}},"239":{"start":{"line":362,"column":12},"end":{"line":362,"column":26}},"240":{"start":{"line":364,"column":4},"end":{"line":370,"column":5}},"241":{"start":{"line":365,"column":21},"end":{"line":365,"column":34}},"242":{"start":{"line":366,"column":22},"end":{"line":366,"column":24}},"243":{"start":{"line":367,"column":8},"end":{"line":367,"column":53}},"244":{"start":{"line":368,"column":8},"end":{"line":368,"column":39}},"245":{"start":{"line":369,"column":8},"end":{"line":369,"column":29}},"246":{"start":{"line":371,"column":4},"end":{"line":372,"column":36}},"247":{"start":{"line":372,"column":8},"end":{"line":372,"column":36}},"248":{"start":{"line":373,"column":4},"end":{"line":409,"column":5}},"249":{"start":{"line":374,"column":8},"end":{"line":377,"column":9}},"250":{"start":{"line":375,"column":12},"end":{"line":376,"column":30}},"251":{"start":{"line":376,"column":16},"end":{"line":376,"column":30}},"252":{"start":{"line":378,"column":8},"end":{"line":404,"column":9}},"253":{"start":{"line":379,"column":31},"end":{"line":379,"column":43}},"254":{"start":{"line":380,"column":26},"end":{"line":380,"column":38}},"255":{"start":{"line":381,"column":12},"end":{"line":403,"column":13}},"256":{"start":{"line":382,"column":29},"end":{"line":382,"column":59}},"257":{"start":{"line":383,"column":16},"end":{"line":393,"column":17}},"258":{"start":{"line":384,"column":39},"end":{"line":384,"column":69}},"259":{"start":{"line":385,"column":20},"end":{"line":385,"column":90}},"260":{"start":{"line":387,"column":21},"end":{"line":393,"column":17}},"261":{"start":{"line":388,"column":35},"end":{"line":388,"column":44}},"262":{"start":{"line":389,"column":20},"end":{"line":389,"column":66}},"263":{"start":{"line":391,"column":21},"end":{"line":393,"column":17}},"264":{"start":{"line":392,"column":20},"end":{"line":392,"column":135}},"265":{"start":{"line":396,"column":29},"end":{"line":396,"column":59}},"266":{"start":{"line":397,"column":16},"end":{"line":400,"column":17}},"267":{"start":{"line":398,"column":41},"end":{"line":398,"column":71}},"268":{"start":{"line":399,"column":20},"end":{"line":399,"column":92}},"269":{"start":{"line":401,"column":35},"end":{"line":401,"column":59}},"270":{"start":{"line":402,"column":16},"end":{"line":402,"column":86}},"271":{"start":{"line":405,"column":8},"end":{"line":408,"column":9}},"272":{"start":{"line":406,"column":12},"end":{"line":407,"column":30}},"273":{"start":{"line":407,"column":16},"end":{"line":407,"column":30}},"274":{"start":{"line":410,"column":4},"end":{"line":410,"column":18}},"275":{"start":{"line":413,"column":4},"end":{"line":419,"column":5}},"276":{"start":{"line":414,"column":24},"end":{"line":414,"column":35}},"277":{"start":{"line":415,"column":8},"end":{"line":418,"column":9}},"278":{"start":{"line":416,"column":30},"end":{"line":416,"column":39}},"279":{"start":{"line":417,"column":12},"end":{"line":417,"column":18}},"280":{"start":{"line":420,"column":20},"end":{"line":420,"column":41}},"281":{"start":{"line":421,"column":23},"end":{"line":421,"column":48}},"282":{"start":{"line":422,"column":16},"end":{"line":422,"column":39}},"283":{"start":{"line":423,"column":4},"end":{"line":442,"column":5}},"284":{"start":{"line":425,"column":12},"end":{"line":426,"column":22}},"285":{"start":{"line":426,"column":16},"end":{"line":426,"column":22}},"286":{"start":{"line":427,"column":12},"end":{"line":427,"column":49}},"287":{"start":{"line":429,"column":12},"end":{"line":430,"column":22}},"288":{"start":{"line":430,"column":16},"end":{"line":430,"column":22}},"289":{"start":{"line":431,"column":12},"end":{"line":431,"column":49}},"290":{"start":{"line":433,"column":12},"end":{"line":434,"column":22}},"291":{"start":{"line":434,"column":16},"end":{"line":434,"column":22}},"292":{"start":{"line":435,"column":12},"end":{"line":435,"column":49}},"293":{"start":{"line":437,"column":12},"end":{"line":438,"column":22}},"294":{"start":{"line":438,"column":16},"end":{"line":438,"column":22}},"295":{"start":{"line":439,"column":12},"end":{"line":439,"column":49}},"296":{"start":{"line":441,"column":12},"end":{"line":441,"column":51}},"297":{"start":{"line":445,"column":23},"end":{"line":445,"column":27}},"298":{"start":{"line":446,"column":4},"end":{"line":449,"column":5}},"299":{"start":{"line":447,"column":8},"end":{"line":447,"column":27}},"300":{"start":{"line":448,"column":8},"end":{"line":448,"column":40}},"301":{"start":{"line":450,"column":18},"end":{"line":450,"column":40}},"302":{"start":{"line":451,"column":4},"end":{"line":458,"column":5}},"303":{"start":{"line":452,"column":22},"end":{"line":452,"column":35}},"304":{"start":{"line":453,"column":8},"end":{"line":456,"column":9}},"305":{"start":{"line":454,"column":12},"end":{"line":454,"column":44}},"306":{"start":{"line":455,"column":12},"end":{"line":455,"column":32}},"307":{"start":{"line":457,"column":8},"end":{"line":457,"column":58}},"308":{"start":{"line":459,"column":4},"end":{"line":459,"column":36}},"309":{"start":{"line":462,"column":4},"end":{"line":464,"column":5}},"310":{"start":{"line":463,"column":8},"end":{"line":463,"column":19}},"311":{"start":{"line":465,"column":15},"end":{"line":465,"column":28}},"312":{"start":{"line":466,"column":17},"end":{"line":466,"column":26}},"313":{"start":{"line":467,"column":4},"end":{"line":469,"column":5}},"314":{"start":{"line":468,"column":8},"end":{"line":468,"column":51}},"315":{"start":{"line":470,"column":4},"end":{"line":470,"column":18}},"316":{"start":{"line":473,"column":14},"end":{"line":473,"column":23}},"317":{"start":{"line":474,"column":16},"end":{"line":474,"column":25}},"318":{"start":{"line":475,"column":4},"end":{"line":485,"column":5}},"319":{"start":{"line":476,"column":22},"end":{"line":476,"column":37}},"320":{"start":{"line":477,"column":8},"end":{"line":479,"column":9}},"321":{"start":{"line":478,"column":12},"end":{"line":478,"column":50}},"322":{"start":{"line":480,"column":8},"end":{"line":484,"column":9}},"323":{"start":{"line":481,"column":27},"end":{"line":481,"column":29}},"324":{"start":{"line":482,"column":12},"end":{"line":482,"column":35}},"325":{"start":{"line":483,"column":12},"end":{"line":483,"column":46}},"326":{"start":{"line":486,"column":4},"end":{"line":493,"column":5}},"327":{"start":{"line":487,"column":22},"end":{"line":487,"column":44}},"328":{"start":{"line":488,"column":8},"end":{"line":488,"column":28}},"329":{"start":{"line":489,"column":8},"end":{"line":492,"column":9}},"330":{"start":{"line":490,"column":25},"end":{"line":490,"column":38}},"331":{"start":{"line":491,"column":12},"end":{"line":491,"column":67}},"332":{"start":{"line":494,"column":4},"end":{"line":494,"column":15}},"333":{"start":{"line":497,"column":14},"end":{"line":497,"column":15}},"334":{"start":{"line":498,"column":17},"end":{"line":498,"column":19}},"335":{"start":{"line":499,"column":4},"end":{"line":504,"column":5}},"336":{"start":{"line":500,"column":22},"end":{"line":500,"column":35}},"337":{"start":{"line":501,"column":8},"end":{"line":503,"column":9}},"338":{"start":{"line":502,"column":12},"end":{"line":502,"column":33}},"339":{"start":{"line":505,"column":4},"end":{"line":505,"column":15}},"340":{"start":{"line":508,"column":14},"end":{"line":508,"column":19}},"341":{"start":{"line":509,"column":4},"end":{"line":514,"column":5}},"342":{"start":{"line":510,"column":22},"end":{"line":510,"column":35}},"343":{"start":{"line":511,"column":8},"end":{"line":513,"column":9}},"344":{"start":{"line":512,"column":12},"end":{"line":512,"column":35}},"345":{"start":{"line":515,"column":4},"end":{"line":515,"column":15}},"346":{"start":{"line":518,"column":14},"end":{"line":518,"column":38}},"347":{"start":{"line":519,"column":14},"end":{"line":519,"column":34}},"348":{"start":{"line":520,"column":4},"end":{"line":520,"column":19}},"349":{"start":{"line":521,"column":14},"end":{"line":521,"column":36}},"350":{"start":{"line":522,"column":4},"end":{"line":522,"column":15}},"351":{"start":{"line":525,"column":16},"end":{"line":525,"column":17}},"352":{"start":{"line":526,"column":4},"end":{"line":532,"column":5}},"353":{"start":{"line":527,"column":22},"end":{"line":527,"column":35}},"354":{"start":{"line":528,"column":20},"end":{"line":528,"column":34}},"355":{"start":{"line":529,"column":8},"end":{"line":529,"column":27}},"356":{"start":{"line":530,"column":8},"end":{"line":530,"column":41}},"357":{"start":{"line":531,"column":8},"end":{"line":531,"column":23}},"358":{"start":{"line":533,"column":4},"end":{"line":533,"column":17}},"359":{"start":{"line":536,"column":21},"end":{"line":536,"column":23}},"360":{"start":{"line":537,"column":4},"end":{"line":541,"column":5}},"361":{"start":{"line":538,"column":27},"end":{"line":538,"column":40}},"362":{"start":{"line":539,"column":8},"end":{"line":540,"column":49}},"363":{"start":{"line":540,"column":12},"end":{"line":540,"column":49}},"364":{"start":{"line":542,"column":4},"end":{"line":542,"column":29}},"365":{"start":{"line":545,"column":15},"end":{"line":545,"column":33}},"366":{"start":{"line":546,"column":16},"end":{"line":546,"column":18}},"367":{"start":{"line":547,"column":4},"end":{"line":570,"column":7}},"368":{"start":{"line":548,"column":8},"end":{"line":569,"column":11}},"369":{"start":{"line":549,"column":12},"end":{"line":568,"column":13}},"370":{"start":{"line":550,"column":16},"end":{"line":550,"column":68}},"371":{"start":{"line":553,"column":16},"end":{"line":567,"column":19}},"372":{"start":{"line":554,"column":20},"end":{"line":566,"column":21}},"373":{"start":{"line":555,"column":24},"end":{"line":555,"column":76}},"374":{"start":{"line":558,"column":24},"end":{"line":565,"column":25}},"375":{"start":{"line":559,"column":42},"end":{"line":559,"column":58}},"376":{"start":{"line":560,"column":28},"end":{"line":560,"column":54}},"377":{"start":{"line":561,"column":28},"end":{"line":561,"column":63}},"378":{"start":{"line":564,"column":28},"end":{"line":564,"column":80}},"379":{"start":{"line":573,"column":19},"end":{"line":573,"column":40}},"380":{"start":{"line":574,"column":4},"end":{"line":576,"column":5}},"381":{"start":{"line":575,"column":8},"end":{"line":575,"column":20}},"382":{"start":{"line":577,"column":4},"end":{"line":629,"column":5}},"383":{"start":{"line":579,"column":29},"end":{"line":579,"column":33}},"384":{"start":{"line":580,"column":12},"end":{"line":590,"column":13}},"385":{"start":{"line":581,"column":16},"end":{"line":583,"column":17}},"386":{"start":{"line":582,"column":20},"end":{"line":582,"column":32}},"387":{"start":{"line":584,"column":16},"end":{"line":589,"column":17}},"388":{"start":{"line":585,"column":37},"end":{"line":585,"column":58}},"389":{"start":{"line":586,"column":34},"end":{"line":586,"column":42}},"390":{"start":{"line":587,"column":20},"end":{"line":587,"column":53}},"391":{"start":{"line":588,"column":20},"end":{"line":588,"column":90}},"392":{"start":{"line":591,"column":12},"end":{"line":591,"column":30}},"393":{"start":{"line":593,"column":30},"end":{"line":593,"column":35}},"394":{"start":{"line":594,"column":12},"end":{"line":606,"column":13}},"395":{"start":{"line":595,"column":16},"end":{"line":597,"column":17}},"396":{"start":{"line":596,"column":20},"end":{"line":596,"column":32}},"397":{"start":{"line":598,"column":16},"end":{"line":605,"column":17}},"398":{"start":{"line":599,"column":36},"end":{"line":599,"column":57}},"399":{"start":{"line":600,"column":20},"end":{"line":601,"column":36}},"400":{"start":{"line":601,"column":24},"end":{"line":601,"column":36}},"401":{"start":{"line":602,"column":33},"end":{"line":602,"column":41}},"402":{"start":{"line":603,"column":20},"end":{"line":603,"column":50}},"403":{"start":{"line":604,"column":20},"end":{"line":604,"column":90}},"404":{"start":{"line":607,"column":12},"end":{"line":607,"column":31}},"405":{"start":{"line":609,"column":12},"end":{"line":609,"column":52}},"406":{"start":{"line":611,"column":12},"end":{"line":611,"column":55}},"407":{"start":{"line":614,"column":12},"end":{"line":614,"column":50}},"408":{"start":{"line":616,"column":30},"end":{"line":616,"column":34}},"409":{"start":{"line":617,"column":12},"end":{"line":624,"column":13}},"410":{"start":{"line":618,"column":32},"end":{"line":618,"column":53}},"411":{"start":{"line":619,"column":16},"end":{"line":619,"column":94}},"412":{"start":{"line":620,"column":16},"end":{"line":620,"column":35}},"413":{"start":{"line":623,"column":16},"end":{"line":623,"column":28}},"414":{"start":{"line":626,"column":12},"end":{"line":626,"column":46}},"415":{"start":{"line":628,"column":12},"end":{"line":628,"column":24}},"416":{"start":{"line":632,"column":4},"end":{"line":632,"column":33}},"417":{"start":{"line":635,"column":17},"end":{"line":635,"column":40}},"418":{"start":{"line":636,"column":4},"end":{"line":637,"column":20}},"419":{"start":{"line":637,"column":8},"end":{"line":637,"column":20}},"420":{"start":{"line":638,"column":19},"end":{"line":638,"column":34}},"421":{"start":{"line":639,"column":20},"end":{"line":639,"column":48}},"422":{"start":{"line":640,"column":4},"end":{"line":645,"column":5}},"423":{"start":{"line":641,"column":8},"end":{"line":641,"column":20}},"424":{"start":{"line":644,"column":8},"end":{"line":644,"column":21}},"425":{"start":{"line":648,"column":17},"end":{"line":648,"column":40}},"426":{"start":{"line":649,"column":4},"end":{"line":650,"column":20}},"427":{"start":{"line":650,"column":8},"end":{"line":650,"column":20}},"428":{"start":{"line":651,"column":19},"end":{"line":651,"column":34}},"429":{"start":{"line":652,"column":20},"end":{"line":652,"column":48}},"430":{"start":{"line":653,"column":4},"end":{"line":658,"column":5}},"431":{"start":{"line":654,"column":8},"end":{"line":654,"column":20}},"432":{"start":{"line":657,"column":8},"end":{"line":657,"column":21}},"433":{"start":{"line":661,"column":17},"end":{"line":661,"column":40}},"434":{"start":{"line":662,"column":4},"end":{"line":663,"column":20}},"435":{"start":{"line":663,"column":8},"end":{"line":663,"column":20}},"436":{"start":{"line":664,"column":19},"end":{"line":664,"column":34}},"437":{"start":{"line":665,"column":20},"end":{"line":665,"column":48}},"438":{"start":{"line":666,"column":4},"end":{"line":671,"column":5}},"439":{"start":{"line":667,"column":8},"end":{"line":667,"column":20}},"440":{"start":{"line":670,"column":8},"end":{"line":670,"column":21}},"441":{"start":{"line":674,"column":17},"end":{"line":674,"column":40}},"442":{"start":{"line":675,"column":4},"end":{"line":676,"column":20}},"443":{"start":{"line":676,"column":8},"end":{"line":676,"column":20}},"444":{"start":{"line":677,"column":18},"end":{"line":677,"column":33}},"445":{"start":{"line":678,"column":23},"end":{"line":678,"column":40}},"446":{"start":{"line":679,"column":20},"end":{"line":679,"column":48}},"447":{"start":{"line":680,"column":20},"end":{"line":680,"column":34}},"448":{"start":{"line":681,"column":19},"end":{"line":681,"column":21}},"449":{"start":{"line":682,"column":4},"end":{"line":693,"column":5}},"450":{"start":{"line":683,"column":8},"end":{"line":683,"column":21}},"451":{"start":{"line":684,"column":8},"end":{"line":684,"column":50}},"452":{"start":{"line":686,"column":9},"end":{"line":693,"column":5}},"453":{"start":{"line":687,"column":8},"end":{"line":687,"column":21}},"454":{"start":{"line":688,"column":8},"end":{"line":688,"column":35}},"455":{"start":{"line":690,"column":9},"end":{"line":693,"column":5}},"456":{"start":{"line":691,"column":8},"end":{"line":691,"column":21}},"457":{"start":{"line":692,"column":8},"end":{"line":692,"column":50}},"458":{"start":{"line":694,"column":4},"end":{"line":717,"column":5}},"459":{"start":{"line":695,"column":8},"end":{"line":712,"column":9}},"460":{"start":{"line":697,"column":16},"end":{"line":698,"column":32}},"461":{"start":{"line":698,"column":20},"end":{"line":698,"column":32}},"462":{"start":{"line":699,"column":16},"end":{"line":699,"column":22}},"463":{"start":{"line":701,"column":16},"end":{"line":702,"column":32}},"464":{"start":{"line":702,"column":20},"end":{"line":702,"column":32}},"465":{"start":{"line":703,"column":16},"end":{"line":703,"column":22}},"466":{"start":{"line":705,"column":16},"end":{"line":706,"column":32}},"467":{"start":{"line":706,"column":20},"end":{"line":706,"column":32}},"468":{"start":{"line":707,"column":16},"end":{"line":707,"column":22}},"469":{"start":{"line":709,"column":16},"end":{"line":710,"column":32}},"470":{"start":{"line":710,"column":20},"end":{"line":710,"column":32}},"471":{"start":{"line":711,"column":16},"end":{"line":711,"column":22}},"472":{"start":{"line":713,"column":8},"end":{"line":713,"column":21}},"473":{"start":{"line":716,"column":8},"end":{"line":716,"column":21}},"474":{"start":{"line":720,"column":20},"end":{"line":720,"column":22}},"475":{"start":{"line":721,"column":23},"end":{"line":721,"column":25}},"476":{"start":{"line":723,"column":4},"end":{"line":723,"column":18}},"477":{"start":{"line":724,"column":4},"end":{"line":735,"column":5}},"478":{"start":{"line":725,"column":24},"end":{"line":725,"column":37}},"479":{"start":{"line":726,"column":8},"end":{"line":726,"column":23}},"480":{"start":{"line":727,"column":8},"end":{"line":732,"column":9}},"481":{"start":{"line":728,"column":12},"end":{"line":728,"column":37}},"482":{"start":{"line":729,"column":12},"end":{"line":731,"column":13}},"483":{"start":{"line":730,"column":16},"end":{"line":730,"column":58}},"484":{"start":{"line":733,"column":8},"end":{"line":734,"column":41}},"485":{"start":{"line":734,"column":12},"end":{"line":734,"column":41}},"486":{"start":{"line":736,"column":4},"end":{"line":736,"column":24}},"487":{"start":{"line":739,"column":4},"end":{"line":747,"column":7}},"488":{"start":{"line":740,"column":8},"end":{"line":742,"column":9}},"489":{"start":{"line":741,"column":12},"end":{"line":741,"column":22}},"490":{"start":{"line":743,"column":8},"end":{"line":745,"column":9}},"491":{"start":{"line":744,"column":12},"end":{"line":744,"column":21}},"492":{"start":{"line":746,"column":8},"end":{"line":746,"column":17}},"493":{"start":{"line":750,"column":4},"end":{"line":751,"column":21}},"494":{"start":{"line":751,"column":8},"end":{"line":751,"column":21}},"495":{"start":{"line":752,"column":20},"end":{"line":752,"column":22}},"496":{"start":{"line":753,"column":4},"end":{"line":756,"column":5}},"497":{"start":{"line":754,"column":8},"end":{"line":755,"column":93}},"498":{"start":{"line":757,"column":4},"end":{"line":760,"column":5}},"499":{"start":{"line":758,"column":8},"end":{"line":759,"column":87}},"500":{"start":{"line":761,"column":4},"end":{"line":771,"column":5}},"501":{"start":{"line":762,"column":18},"end":{"line":762,"column":30}},"502":{"start":{"line":763,"column":8},"end":{"line":770,"column":9}},"503":{"start":{"line":764,"column":12},"end":{"line":765,"column":29}},"504":{"start":{"line":765,"column":16},"end":{"line":765,"column":29}},"505":{"start":{"line":768,"column":12},"end":{"line":769,"column":29}},"506":{"start":{"line":769,"column":16},"end":{"line":769,"column":29}},"507":{"start":{"line":772,"column":4},"end":{"line":772,"column":16}},"508":{"start":{"line":775,"column":20},"end":{"line":775,"column":24}},"509":{"start":{"line":776,"column":4},"end":{"line":779,"column":5}},"510":{"start":{"line":777,"column":8},"end":{"line":778,"column":93}},"511":{"start":{"line":780,"column":4},"end":{"line":783,"column":5}},"512":{"start":{"line":781,"column":8},"end":{"line":782,"column":87}},"513":{"start":{"line":784,"column":4},"end":{"line":788,"column":5}},"514":{"start":{"line":785,"column":18},"end":{"line":785,"column":33}},"515":{"start":{"line":786,"column":8},"end":{"line":787,"column":24}},"516":{"start":{"line":787,"column":12},"end":{"line":787,"column":24}},"517":{"start":{"line":789,"column":4},"end":{"line":789,"column":17}},"518":{"start":{"line":792,"column":22},"end":{"line":793,"column":120}},"519":{"start":{"line":794,"column":19},"end":{"line":794,"column":140}},"520":{"start":{"line":795,"column":4},"end":{"line":796,"column":24}},"521":{"start":{"line":796,"column":8},"end":{"line":796,"column":24}},"522":{"start":{"line":797,"column":4},"end":{"line":798,"column":24}},"523":{"start":{"line":798,"column":8},"end":{"line":798,"column":24}},"524":{"start":{"line":799,"column":4},"end":{"line":799,"column":18}},"525":{"start":{"line":802,"column":20},"end":{"line":802,"column":38}},"526":{"start":{"line":803,"column":4},"end":{"line":804,"column":21}},"527":{"start":{"line":804,"column":8},"end":{"line":804,"column":21}},"528":{"start":{"line":805,"column":20},"end":{"line":805,"column":47}},"529":{"start":{"line":806,"column":4},"end":{"line":807,"column":21}},"530":{"start":{"line":807,"column":8},"end":{"line":807,"column":21}},"531":{"start":{"line":808,"column":18},"end":{"line":808,"column":47}},"532":{"start":{"line":809,"column":4},"end":{"line":820,"column":5}},"533":{"start":{"line":810,"column":26},"end":{"line":810,"column":50}},"534":{"start":{"line":811,"column":24},"end":{"line":811,"column":48}},"535":{"start":{"line":812,"column":8},"end":{"line":819,"column":9}},"536":{"start":{"line":813,"column":30},"end":{"line":813,"column":50}},"537":{"start":{"line":814,"column":28},"end":{"line":814,"column":30}},"538":{"start":{"line":815,"column":12},"end":{"line":818,"column":13}},"539":{"start":{"line":816,"column":36},"end":{"line":816,"column":53}},"540":{"start":{"line":817,"column":16},"end":{"line":817,"column":62}},"541":{"start":{"line":821,"column":4},"end":{"line":823,"column":5}},"542":{"start":{"line":822,"column":8},"end":{"line":822,"column":21}},"543":{"start":{"line":824,"column":4},"end":{"line":825,"column":21}},"544":{"start":{"line":825,"column":8},"end":{"line":825,"column":21}},"545":{"start":{"line":826,"column":24},"end":{"line":826,"column":40}},"546":{"start":{"line":827,"column":28},"end":{"line":827,"column":52}},"547":{"start":{"line":828,"column":4},"end":{"line":829,"column":21}},"548":{"start":{"line":829,"column":8},"end":{"line":829,"column":21}},"549":{"start":{"line":830,"column":4},"end":{"line":833,"column":5}},"550":{"start":{"line":831,"column":8},"end":{"line":832,"column":25}},"551":{"start":{"line":832,"column":12},"end":{"line":832,"column":25}},"552":{"start":{"line":834,"column":20},"end":{"line":834,"column":24}},"553":{"start":{"line":835,"column":27},"end":{"line":835,"column":57}},"554":{"start":{"line":836,"column":21},"end":{"line":836,"column":50}},"555":{"start":{"line":837,"column":20},"end":{"line":837,"column":49}},"556":{"start":{"line":838,"column":4},"end":{"line":841,"column":24}},"557":{"start":{"line":839,"column":8},"end":{"line":839,"column":24}},"558":{"start":{"line":840,"column":9},"end":{"line":841,"column":24}},"559":{"start":{"line":841,"column":8},"end":{"line":841,"column":24}},"560":{"start":{"line":842,"column":4},"end":{"line":881,"column":5}},"561":{"start":{"line":843,"column":8},"end":{"line":880,"column":9}},"562":{"start":{"line":844,"column":37},"end":{"line":844,"column":67}},"563":{"start":{"line":845,"column":31},"end":{"line":845,"column":62}},"564":{"start":{"line":846,"column":30},"end":{"line":846,"column":61}},"565":{"start":{"line":847,"column":12},"end":{"line":853,"column":13}},"566":{"start":{"line":848,"column":16},"end":{"line":848,"column":32}},"567":{"start":{"line":849,"column":17},"end":{"line":853,"column":13}},"568":{"start":{"line":850,"column":16},"end":{"line":850,"column":32}},"569":{"start":{"line":852,"column":16},"end":{"line":852,"column":29}},"570":{"start":{"line":856,"column":32},"end":{"line":856,"column":56}},"571":{"start":{"line":857,"column":32},"end":{"line":857,"column":54}},"572":{"start":{"line":858,"column":12},"end":{"line":879,"column":13}},"573":{"start":{"line":859,"column":16},"end":{"line":878,"column":17}},"574":{"start":{"line":860,"column":35},"end":{"line":860,"column":51}},"575":{"start":{"line":861,"column":35},"end":{"line":861,"column":59}},"576":{"start":{"line":862,"column":29},"end":{"line":862,"column":47}},"577":{"start":{"line":863,"column":32},"end":{"line":863,"column":50}},"578":{"start":{"line":864,"column":28},"end":{"line":864,"column":37}},"579":{"start":{"line":865,"column":39},"end":{"line":865,"column":53}},"580":{"start":{"line":866,"column":38},"end":{"line":866,"column":52}},"581":{"start":{"line":867,"column":20},"end":{"line":877,"column":21}},"582":{"start":{"line":868,"column":24},"end":{"line":868,"column":40}},"583":{"start":{"line":869,"column":24},"end":{"line":869,"column":50}},"584":{"start":{"line":871,"column":25},"end":{"line":877,"column":21}},"585":{"start":{"line":872,"column":24},"end":{"line":872,"column":40}},"586":{"start":{"line":873,"column":24},"end":{"line":873,"column":50}},"587":{"start":{"line":876,"column":24},"end":{"line":876,"column":37}},"588":{"start":{"line":882,"column":4},"end":{"line":892,"column":5}},"589":{"start":{"line":883,"column":8},"end":{"line":891,"column":9}},"590":{"start":{"line":884,"column":12},"end":{"line":886,"column":13}},"591":{"start":{"line":885,"column":16},"end":{"line":885,"column":29}},"592":{"start":{"line":889,"column":12},"end":{"line":890,"column":29}},"593":{"start":{"line":890,"column":16},"end":{"line":890,"column":29}},"594":{"start":{"line":893,"column":4},"end":{"line":939,"column":5}},"595":{"start":{"line":894,"column":26},"end":{"line":894,"column":48}},"596":{"start":{"line":895,"column":8},"end":{"line":896,"column":25}},"597":{"start":{"line":896,"column":12},"end":{"line":896,"column":25}},"598":{"start":{"line":897,"column":8},"end":{"line":898,"column":25}},"599":{"start":{"line":898,"column":12},"end":{"line":898,"column":25}},"600":{"start":{"line":899,"column":8},"end":{"line":909,"column":9}},"601":{"start":{"line":900,"column":12},"end":{"line":908,"column":13}},"602":{"start":{"line":901,"column":16},"end":{"line":903,"column":17}},"603":{"start":{"line":902,"column":20},"end":{"line":902,"column":33}},"604":{"start":{"line":906,"column":16},"end":{"line":907,"column":33}},"605":{"start":{"line":907,"column":20},"end":{"line":907,"column":33}},"606":{"start":{"line":910,"column":8},"end":{"line":934,"column":9}},"607":{"start":{"line":911,"column":28},"end":{"line":911,"column":52}},"608":{"start":{"line":912,"column":28},"end":{"line":912,"column":47}},"609":{"start":{"line":913,"column":22},"end":{"line":913,"column":40}},"610":{"start":{"line":914,"column":12},"end":{"line":916,"column":13}},"611":{"start":{"line":915,"column":16},"end":{"line":915,"column":29}},"612":{"start":{"line":918,"column":12},"end":{"line":919,"column":29}},"613":{"start":{"line":919,"column":16},"end":{"line":919,"column":29}},"614":{"start":{"line":920,"column":12},"end":{"line":921,"column":29}},"615":{"start":{"line":921,"column":16},"end":{"line":921,"column":29}},"616":{"start":{"line":922,"column":12},"end":{"line":933,"column":13}},"617":{"start":{"line":923,"column":27},"end":{"line":923,"column":42}},"618":{"start":{"line":924,"column":16},"end":{"line":932,"column":17}},"619":{"start":{"line":925,"column":20},"end":{"line":927,"column":21}},"620":{"start":{"line":926,"column":24},"end":{"line":926,"column":37}},"621":{"start":{"line":930,"column":20},"end":{"line":931,"column":37}},"622":{"start":{"line":931,"column":24},"end":{"line":931,"column":37}},"623":{"start":{"line":935,"column":8},"end":{"line":938,"column":9}},"624":{"start":{"line":936,"column":12},"end":{"line":937,"column":29}},"625":{"start":{"line":937,"column":16},"end":{"line":937,"column":29}},"626":{"start":{"line":940,"column":4},"end":{"line":971,"column":5}},"627":{"start":{"line":941,"column":28},"end":{"line":941,"column":52}},"628":{"start":{"line":942,"column":8},"end":{"line":943,"column":25}},"629":{"start":{"line":943,"column":12},"end":{"line":943,"column":25}},"630":{"start":{"line":944,"column":8},"end":{"line":945,"column":25}},"631":{"start":{"line":945,"column":12},"end":{"line":945,"column":25}},"632":{"start":{"line":946,"column":8},"end":{"line":970,"column":9}},"633":{"start":{"line":947,"column":30},"end":{"line":947,"column":52}},"634":{"start":{"line":948,"column":12},"end":{"line":950,"column":13}},"635":{"start":{"line":949,"column":16},"end":{"line":949,"column":29}},"636":{"start":{"line":951,"column":12},"end":{"line":956,"column":13}},"637":{"start":{"line":952,"column":31},"end":{"line":952,"column":48}},"638":{"start":{"line":953,"column":16},"end":{"line":955,"column":17}},"639":{"start":{"line":954,"column":20},"end":{"line":954,"column":73}},"640":{"start":{"line":957,"column":12},"end":{"line":969,"column":13}},"641":{"start":{"line":958,"column":26},"end":{"line":958,"column":49}},"642":{"start":{"line":959,"column":16},"end":{"line":968,"column":17}},"643":{"start":{"line":960,"column":20},"end":{"line":963,"column":33}},"644":{"start":{"line":961,"column":24},"end":{"line":961,"column":37}},"645":{"start":{"line":963,"column":24},"end":{"line":963,"column":33}},"646":{"start":{"line":966,"column":20},"end":{"line":967,"column":37}},"647":{"start":{"line":967,"column":24},"end":{"line":967,"column":37}},"648":{"start":{"line":972,"column":4},"end":{"line":973,"column":21}},"649":{"start":{"line":973,"column":8},"end":{"line":973,"column":21}},"650":{"start":{"line":974,"column":4},"end":{"line":974,"column":16}},"651":{"start":{"line":977,"column":30},"end":{"line":988,"column":5}},"652":{"start":{"line":989,"column":4},"end":{"line":1053,"column":5}},"653":{"start":{"line":990,"column":8},"end":{"line":1038,"column":9}},"654":{"start":{"line":991,"column":12},"end":{"line":991,"column":24}},"655":{"start":{"line":993,"column":12},"end":{"line":995,"column":13}},"656":{"start":{"line":994,"column":16},"end":{"line":994,"column":77}},"657":{"start":{"line":997,"column":12},"end":{"line":999,"column":13}},"658":{"start":{"line":998,"column":16},"end":{"line":998,"column":74}},"659":{"start":{"line":1001,"column":12},"end":{"line":1003,"column":13}},"660":{"start":{"line":1002,"column":16},"end":{"line":1002,"column":72}},"661":{"start":{"line":1005,"column":12},"end":{"line":1007,"column":13}},"662":{"start":{"line":1006,"column":16},"end":{"line":1006,"column":85}},"663":{"start":{"line":1009,"column":12},"end":{"line":1011,"column":13}},"664":{"start":{"line":1010,"column":16},"end":{"line":1010,"column":76}},"665":{"start":{"line":1013,"column":12},"end":{"line":1015,"column":13}},"666":{"start":{"line":1014,"column":16},"end":{"line":1014,"column":74}},"667":{"start":{"line":1017,"column":12},"end":{"line":1019,"column":13}},"668":{"start":{"line":1018,"column":16},"end":{"line":1018,"column":74}},"669":{"start":{"line":1021,"column":12},"end":{"line":1023,"column":13}},"670":{"start":{"line":1022,"column":16},"end":{"line":1022,"column":76}},"671":{"start":{"line":1025,"column":12},"end":{"line":1027,"column":13}},"672":{"start":{"line":1026,"column":16},"end":{"line":1026,"column":72}},"673":{"start":{"line":1029,"column":12},"end":{"line":1036,"column":13}},"674":{"start":{"line":1030,"column":29},"end":{"line":1030,"column":60}},"675":{"start":{"line":1031,"column":16},"end":{"line":1034,"column":17}},"676":{"start":{"line":1032,"column":20},"end":{"line":1033,"column":38}},"677":{"start":{"line":1033,"column":24},"end":{"line":1033,"column":38}},"678":{"start":{"line":1035,"column":16},"end":{"line":1035,"column":61}},"679":{"start":{"line":1039,"column":8},"end":{"line":1049,"column":9}},"680":{"start":{"line":1045,"column":12},"end":{"line":1045,"column":24}},"681":{"start":{"line":1048,"column":12},"end":{"line":1048,"column":39}},"682":{"start":{"line":1052,"column":8},"end":{"line":1052,"column":20}},"683":{"start":{"line":1056,"column":4},"end":{"line":1170,"column":7}},"684":{"start":{"line":1057,"column":8},"end":{"line":1169,"column":9}},"685":{"start":{"line":1058,"column":33},"end":{"line":1058,"column":37}},"686":{"start":{"line":1059,"column":37},"end":{"line":1059,"column":41}},"687":{"start":{"line":1060,"column":35},"end":{"line":1060,"column":39}},"688":{"start":{"line":1061,"column":31},"end":{"line":1061,"column":33}},"689":{"start":{"line":1062,"column":26},"end":{"line":1062,"column":30}},"690":{"start":{"line":1063,"column":12},"end":{"line":1065,"column":13}},"691":{"start":{"line":1064,"column":16},"end":{"line":1064,"column":28}},"692":{"start":{"line":1066,"column":26},"end":{"line":1068,"column":14}},"693":{"start":{"line":1069,"column":23},"end":{"line":1069,"column":41}},"694":{"start":{"line":1070,"column":12},"end":{"line":1070,"column":37}},"695":{"start":{"line":1071,"column":12},"end":{"line":1079,"column":13}},"696":{"start":{"line":1072,"column":16},"end":{"line":1072,"column":87}},"697":{"start":{"line":1073,"column":16},"end":{"line":1073,"column":90}},"698":{"start":{"line":1074,"column":16},"end":{"line":1074,"column":77}},"699":{"start":{"line":1077,"column":16},"end":{"line":1077,"column":38}},"700":{"start":{"line":1078,"column":16},"end":{"line":1078,"column":23}},"701":{"start":{"line":1080,"column":26},"end":{"line":1080,"column":64}},"702":{"start":{"line":1081,"column":12},"end":{"line":1164,"column":15}},"703":{"start":{"line":1082,"column":31},"end":{"line":1082,"column":33}},"704":{"start":{"line":1083,"column":31},"end":{"line":1083,"column":33}},"705":{"start":{"line":1084,"column":16},"end":{"line":1087,"column":17}},"706":{"start":{"line":1085,"column":20},"end":{"line":1085,"column":43}},"707":{"start":{"line":1086,"column":20},"end":{"line":1086,"column":43}},"708":{"start":{"line":1088,"column":16},"end":{"line":1161,"column":17}},"709":{"start":{"line":1089,"column":32},"end":{"line":1089,"column":38}},"710":{"start":{"line":1090,"column":20},"end":{"line":1160,"column":21}},"711":{"start":{"line":1091,"column":24},"end":{"line":1091,"column":33}},"712":{"start":{"line":1093,"column":43},"end":{"line":1105,"column":25}},"713":{"start":{"line":1106,"column":38},"end":{"line":1106,"column":86}},"714":{"start":{"line":1107,"column":24},"end":{"line":1148,"column":25}},"715":{"start":{"line":1108,"column":42},"end":{"line":1108,"column":55}},"716":{"start":{"line":1109,"column":28},"end":{"line":1147,"column":29}},"717":{"start":{"line":1110,"column":32},"end":{"line":1110,"column":41}},"718":{"start":{"line":1112,"column":47},"end":{"line":1112,"column":95}},"719":{"start":{"line":1113,"column":53},"end":{"line":1113,"column":70}},"720":{"start":{"line":1114,"column":32},"end":{"line":1146,"column":33}},"721":{"start":{"line":1116,"column":57},"end":{"line":1116,"column":110}},"722":{"start":{"line":1117,"column":40},"end":{"line":1117,"column":107}},"723":{"start":{"line":1118,"column":40},"end":{"line":1118,"column":130}},"724":{"start":{"line":1119,"column":40},"end":{"line":1119,"column":46}},"725":{"start":{"line":1121,"column":56},"end":{"line":1121,"column":106}},"726":{"start":{"line":1122,"column":40},"end":{"line":1122,"column":110}},"727":{"start":{"line":1123,"column":40},"end":{"line":1123,"column":80}},"728":{"start":{"line":1124,"column":40},"end":{"line":1124,"column":69}},"729":{"start":{"line":1125,"column":40},"end":{"line":1125,"column":88}},"730":{"start":{"line":1126,"column":40},"end":{"line":1126,"column":46}},"731":{"start":{"line":1128,"column":56},"end":{"line":1128,"column":106}},"732":{"start":{"line":1129,"column":40},"end":{"line":1129,"column":110}},"733":{"start":{"line":1130,"column":40},"end":{"line":1130,"column":80}},"734":{"start":{"line":1131,"column":40},"end":{"line":1131,"column":69}},"735":{"start":{"line":1132,"column":40},"end":{"line":1132,"column":84}},"736":{"start":{"line":1133,"column":40},"end":{"line":1133,"column":46}},"737":{"start":{"line":1135,"column":51},"end":{"line":1135,"column":101}},"738":{"start":{"line":1136,"column":40},"end":{"line":1136,"column":100}},"739":{"start":{"line":1137,"column":40},"end":{"line":1137,"column":70}},"740":{"start":{"line":1138,"column":40},"end":{"line":1138,"column":59}},"741":{"start":{"line":1139,"column":40},"end":{"line":1139,"column":74}},"742":{"start":{"line":1140,"column":40},"end":{"line":1140,"column":46}},"743":{"start":{"line":1142,"column":52},"end":{"line":1142,"column":105}},"744":{"start":{"line":1143,"column":40},"end":{"line":1143,"column":98}},"745":{"start":{"line":1144,"column":40},"end":{"line":1144,"column":84}},"746":{"start":{"line":1145,"column":40},"end":{"line":1145,"column":46}},"747":{"start":{"line":1149,"column":24},"end":{"line":1149,"column":72}},"748":{"start":{"line":1150,"column":24},"end":{"line":1150,"column":75}},"749":{"start":{"line":1151,"column":24},"end":{"line":1151,"column":122}},"750":{"start":{"line":1152,"column":24},"end":{"line":1152,"column":75}},"751":{"start":{"line":1153,"column":24},"end":{"line":1158,"column":25}},"752":{"start":{"line":1154,"column":28},"end":{"line":1154,"column":37}},"753":{"start":{"line":1156,"column":28},"end":{"line":1156,"column":65}},"754":{"start":{"line":1157,"column":28},"end":{"line":1157,"column":65}},"755":{"start":{"line":1159,"column":24},"end":{"line":1159,"column":56}},"756":{"start":{"line":1162,"column":16},"end":{"line":1162,"column":38}},"757":{"start":{"line":1163,"column":16},"end":{"line":1163,"column":23}},"758":{"start":{"line":1167,"column":12},"end":{"line":1167,"column":58}},"759":{"start":{"line":1168,"column":12},"end":{"line":1168,"column":19}},"760":{"start":{"line":1173,"column":4},"end":{"line":1200,"column":7}},"761":{"start":{"line":1174,"column":22},"end":{"line":1181,"column":9}},"762":{"start":{"line":1182,"column":8},"end":{"line":1199,"column":11}},"763":{"start":{"line":1183,"column":29},"end":{"line":1183,"column":43}},"764":{"start":{"line":1184,"column":30},"end":{"line":1184,"column":57}},"765":{"start":{"line":1185,"column":12},"end":{"line":1185,"column":36}},"766":{"start":{"line":1186,"column":26},"end":{"line":1186,"column":28}},"767":{"start":{"line":1187,"column":12},"end":{"line":1187,"column":74}},"768":{"start":{"line":1187,"column":46},"end":{"line":1187,"column":70}},"769":{"start":{"line":1188,"column":12},"end":{"line":1196,"column":15}},"770":{"start":{"line":1189,"column":16},"end":{"line":1195,"column":17}},"771":{"start":{"line":1190,"column":37},"end":{"line":1190,"column":56}},"772":{"start":{"line":1191,"column":20},"end":{"line":1191,"column":40}},"773":{"start":{"line":1194,"column":20},"end":{"line":1194,"column":30}},"774":{"start":{"line":1198,"column":12},"end":{"line":1198,"column":51}},"775":{"start":{"line":1203,"column":21},"end":{"line":1203,"column":76}},"776":{"start":{"line":1204,"column":4},"end":{"line":1214,"column":5}},"777":{"start":{"line":1205,"column":20},"end":{"line":1205,"column":36}},"778":{"start":{"line":1206,"column":8},"end":{"line":1213,"column":9}},"779":{"start":{"line":1207,"column":28},"end":{"line":1207,"column":74}},"780":{"start":{"line":1208,"column":12},"end":{"line":1208,"column":37}},"781":{"start":{"line":1209,"column":12},"end":{"line":1212,"column":13}},"782":{"start":{"line":1210,"column":16},"end":{"line":1210,"column":47}},"783":{"start":{"line":1211,"column":16},"end":{"line":1211,"column":66}},"784":{"start":{"line":1217,"column":4},"end":{"line":1236,"column":5}},"785":{"start":{"line":1218,"column":25},"end":{"line":1218,"column":78}},"786":{"start":{"line":1219,"column":8},"end":{"line":1225,"column":9}},"787":{"start":{"line":1220,"column":12},"end":{"line":1224,"column":13}},"788":{"start":{"line":1221,"column":30},"end":{"line":1221,"column":46}},"789":{"start":{"line":1222,"column":16},"end":{"line":1223,"column":40}},"790":{"start":{"line":1223,"column":20},"end":{"line":1223,"column":40}},"791":{"start":{"line":1226,"column":24},"end":{"line":1226,"column":79}},"792":{"start":{"line":1227,"column":8},"end":{"line":1232,"column":9}},"793":{"start":{"line":1228,"column":28},"end":{"line":1228,"column":43}},"794":{"start":{"line":1229,"column":31},"end":{"line":1229,"column":62}},"795":{"start":{"line":1230,"column":12},"end":{"line":1231,"column":36}},"796":{"start":{"line":1231,"column":16},"end":{"line":1231,"column":36}},"797":{"start":{"line":1235,"column":8},"end":{"line":1235,"column":20}},"798":{"start":{"line":1239,"column":4},"end":{"line":1259,"column":5}},"799":{"start":{"line":1240,"column":8},"end":{"line":1248,"column":9}},"800":{"start":{"line":1241,"column":12},"end":{"line":1247,"column":13}},"801":{"start":{"line":1242,"column":16},"end":{"line":1242,"column":87}},"802":{"start":{"line":1243,"column":16},"end":{"line":1243,"column":87}},"803":{"start":{"line":1244,"column":16},"end":{"line":1246,"column":17}},"804":{"start":{"line":1245,"column":20},"end":{"line":1245,"column":88}},"805":{"start":{"line":1249,"column":24},"end":{"line":1249,"column":79}},"806":{"start":{"line":1250,"column":8},"end":{"line":1255,"column":9}},"807":{"start":{"line":1251,"column":28},"end":{"line":1251,"column":43}},"808":{"start":{"line":1252,"column":31},"end":{"line":1252,"column":54}},"809":{"start":{"line":1253,"column":12},"end":{"line":1254,"column":36}},"810":{"start":{"line":1254,"column":16},"end":{"line":1254,"column":36}},"811":{"start":{"line":1258,"column":8},"end":{"line":1258,"column":20}},"812":{"start":{"line":1262,"column":4},"end":{"line":1283,"column":5}},"813":{"start":{"line":1263,"column":21},"end":{"line":1263,"column":81}},"814":{"start":{"line":1264,"column":8},"end":{"line":1272,"column":9}},"815":{"start":{"line":1265,"column":29},"end":{"line":1265,"column":84}},"816":{"start":{"line":1266,"column":12},"end":{"line":1266,"column":81}},"817":{"start":{"line":1267,"column":12},"end":{"line":1267,"column":43}},"818":{"start":{"line":1268,"column":12},"end":{"line":1268,"column":83}},"819":{"start":{"line":1269,"column":12},"end":{"line":1269,"column":83}},"820":{"start":{"line":1270,"column":12},"end":{"line":1271,"column":84}},"821":{"start":{"line":1271,"column":16},"end":{"line":1271,"column":84}},"822":{"start":{"line":1273,"column":24},"end":{"line":1273,"column":79}},"823":{"start":{"line":1274,"column":8},"end":{"line":1279,"column":9}},"824":{"start":{"line":1275,"column":28},"end":{"line":1275,"column":43}},"825":{"start":{"line":1276,"column":31},"end":{"line":1276,"column":57}},"826":{"start":{"line":1277,"column":12},"end":{"line":1278,"column":36}},"827":{"start":{"line":1278,"column":16},"end":{"line":1278,"column":36}},"828":{"start":{"line":1282,"column":8},"end":{"line":1282,"column":20}},"829":{"start":{"line":1286,"column":21},"end":{"line":1286,"column":74}},"830":{"start":{"line":1287,"column":4},"end":{"line":1297,"column":5}},"831":{"start":{"line":1288,"column":19},"end":{"line":1288,"column":35}},"832":{"start":{"line":1289,"column":8},"end":{"line":1296,"column":9}},"833":{"start":{"line":1290,"column":33},"end":{"line":1290,"column":80}},"834":{"start":{"line":1291,"column":12},"end":{"line":1295,"column":13}},"835":{"start":{"line":1292,"column":31},"end":{"line":1292,"column":51}},"836":{"start":{"line":1293,"column":16},"end":{"line":1294,"column":36}},"837":{"start":{"line":1294,"column":20},"end":{"line":1294,"column":36}},"838":{"start":{"line":1300,"column":4},"end":{"line":1314,"column":5}},"839":{"start":{"line":1301,"column":8},"end":{"line":1303,"column":9}},"840":{"start":{"line":1302,"column":12},"end":{"line":1302,"column":32}},"841":{"start":{"line":1304,"column":24},"end":{"line":1304,"column":79}},"842":{"start":{"line":1305,"column":8},"end":{"line":1310,"column":9}},"843":{"start":{"line":1306,"column":28},"end":{"line":1306,"column":43}},"844":{"start":{"line":1307,"column":31},"end":{"line":1307,"column":50}},"845":{"start":{"line":1308,"column":12},"end":{"line":1309,"column":36}},"846":{"start":{"line":1309,"column":16},"end":{"line":1309,"column":36}},"847":{"start":{"line":1313,"column":8},"end":{"line":1313,"column":20}},"848":{"start":{"line":1317,"column":4},"end":{"line":1322,"column":5}},"849":{"start":{"line":1318,"column":8},"end":{"line":1318,"column":31}},"850":{"start":{"line":1321,"column":8},"end":{"line":1321,"column":20}},"851":{"start":{"line":1325,"column":4},"end":{"line":1333,"column":5}},"852":{"start":{"line":1326,"column":21},"end":{"line":1326,"column":43}},"853":{"start":{"line":1327,"column":8},"end":{"line":1329,"column":9}},"854":{"start":{"line":1328,"column":12},"end":{"line":1328,"column":24}},"855":{"start":{"line":1332,"column":8},"end":{"line":1332,"column":21}},"856":{"start":{"line":1334,"column":4},"end":{"line":1334,"column":17}},"857":{"start":{"line":1337,"column":21},"end":{"line":1337,"column":23}},"858":{"start":{"line":1338,"column":20},"end":{"line":1338,"column":35}},"859":{"start":{"line":1341,"column":21},"end":{"line":1341,"column":25}},"860":{"start":{"line":1343,"column":23},"end":{"line":1347,"column":5}},"861":{"start":{"line":1344,"column":8},"end":{"line":1345,"column":21}},"862":{"start":{"line":1345,"column":12},"end":{"line":1345,"column":21}},"863":{"start":{"line":1346,"column":8},"end":{"line":1346,"column":30}},"864":{"start":{"line":1348,"column":22},"end":{"line":1362,"column":5}},"865":{"start":{"line":1349,"column":31},"end":{"line":1349,"column":43}},"866":{"start":{"line":1350,"column":18},"end":{"line":1350,"column":30}},"867":{"start":{"line":1351,"column":8},"end":{"line":1355,"column":9}},"868":{"start":{"line":1352,"column":12},"end":{"line":1354,"column":14}},"869":{"start":{"line":1353,"column":16},"end":{"line":1353,"column":72}},"870":{"start":{"line":1356,"column":8},"end":{"line":1360,"column":9}},"871":{"start":{"line":1357,"column":12},"end":{"line":1359,"column":14}},"872":{"start":{"line":1358,"column":16},"end":{"line":1358,"column":38}},"873":{"start":{"line":1361,"column":8},"end":{"line":1361,"column":19}},"874":{"start":{"line":1363,"column":4},"end":{"line":1377,"column":5}},"875":{"start":{"line":1364,"column":8},"end":{"line":1364,"column":30}},"876":{"start":{"line":1365,"column":8},"end":{"line":1372,"column":9}},"877":{"start":{"line":1366,"column":12},"end":{"line":1366,"column":27}},"878":{"start":{"line":1367,"column":12},"end":{"line":1367,"column":31}},"879":{"start":{"line":1370,"column":12},"end":{"line":1370,"column":27}},"880":{"start":{"line":1371,"column":12},"end":{"line":1371,"column":49}},"881":{"start":{"line":1373,"column":8},"end":{"line":1376,"column":11}},"882":{"start":{"line":1378,"column":4},"end":{"line":1389,"column":6}},"883":{"start":{"line":1380,"column":8},"end":{"line":1387,"column":9}},"884":{"start":{"line":1381,"column":12},"end":{"line":1381,"column":27}},"885":{"start":{"line":1382,"column":12},"end":{"line":1382,"column":36}},"886":{"start":{"line":1383,"column":12},"end":{"line":1383,"column":32}},"887":{"start":{"line":1384,"column":12},"end":{"line":1384,"column":55}},"888":{"start":{"line":1385,"column":12},"end":{"line":1386,"column":22}},"889":{"start":{"line":1386,"column":16},"end":{"line":1386,"column":22}},"890":{"start":{"line":1388,"column":8},"end":{"line":1388,"column":26}}},"fnMap":{"0":{"name":"(anonymous_0)","decl":{"start":{"line":11,"column":21},"end":{"line":11,"column":22}},"loc":{"start":{"line":11,"column":33},"end":{"line":337,"column":1}}},"1":{"name":"InsightFacade","decl":{"start":{"line":12,"column":13},"end":{"line":12,"column":26}},"loc":{"start":{"line":12,"column":29},"end":{"line":16,"column":5}}},"2":{"name":"(anonymous_2)","decl":{"start":{"line":17,"column":41},"end":{"line":17,"column":42}},"loc":{"start":{"line":17,"column":64},"end":{"line":170,"column":5}}},"3":{"name":"(anonymous_3)","decl":{"start":{"line":23,"column":18},"end":{"line":23,"column":19}},"loc":{"start":{"line":23,"column":30},"end":{"line":35,"column":9}}},"4":{"name":"(anonymous_4)","decl":{"start":{"line":36,"column":18},"end":{"line":36,"column":19}},"loc":{"start":{"line":36,"column":42},"end":{"line":70,"column":9}}},"5":{"name":"(anonymous_5)","decl":{"start":{"line":41,"column":45},"end":{"line":41,"column":46}},"loc":{"start":{"line":41,"column":65},"end":{"line":45,"column":25}}},"6":{"name":"(anonymous_6)","decl":{"start":{"line":57,"column":44},"end":{"line":57,"column":45}},"loc":{"start":{"line":57,"column":64},"end":{"line":60,"column":25}}},"7":{"name":"(anonymous_7)","decl":{"start":{"line":71,"column":18},"end":{"line":71,"column":19}},"loc":{"start":{"line":71,"column":38},"end":{"line":130,"column":9}}},"8":{"name":"(anonymous_8)","decl":{"start":{"line":102,"column":26},"end":{"line":102,"column":27}},"loc":{"start":{"line":102,"column":48},"end":{"line":125,"column":17}}},"9":{"name":"(anonymous_9)","decl":{"start":{"line":131,"column":18},"end":{"line":131,"column":19}},"loc":{"start":{"line":131,"column":41},"end":{"line":166,"column":9}}},"10":{"name":"(anonymous_10)","decl":{"start":{"line":157,"column":69},"end":{"line":157,"column":70}},"loc":{"start":{"line":157,"column":84},"end":{"line":158,"column":17}}},"11":{"name":"(anonymous_11)","decl":{"start":{"line":167,"column":19},"end":{"line":167,"column":20}},"loc":{"start":{"line":167,"column":34},"end":{"line":169,"column":9}}},"12":{"name":"(anonymous_12)","decl":{"start":{"line":171,"column":44},"end":{"line":171,"column":45}},"loc":{"start":{"line":171,"column":58},"end":{"line":195,"column":5}}},"13":{"name":"(anonymous_13)","decl":{"start":{"line":177,"column":27},"end":{"line":177,"column":28}},"loc":{"start":{"line":177,"column":54},"end":{"line":190,"column":9}}},"14":{"name":"(anonymous_14)","decl":{"start":{"line":178,"column":30},"end":{"line":178,"column":31}},"loc":{"start":{"line":178,"column":52},"end":{"line":189,"column":13}}},"15":{"name":"(anonymous_15)","decl":{"start":{"line":182,"column":36},"end":{"line":182,"column":37}},"loc":{"start":{"line":182,"column":51},"end":{"line":188,"column":17}}},"16":{"name":"(anonymous_16)","decl":{"start":{"line":190,"column":17},"end":{"line":190,"column":18}},"loc":{"start":{"line":190,"column":32},"end":{"line":194,"column":9}}},"17":{"name":"(anonymous_17)","decl":{"start":{"line":191,"column":31},"end":{"line":191,"column":32}},"loc":{"start":{"line":191,"column":58},"end":{"line":193,"column":13}}},"18":{"name":"(anonymous_18)","decl":{"start":{"line":196,"column":43},"end":{"line":196,"column":44}},"loc":{"start":{"line":196,"column":60},"end":{"line":335,"column":5}}},"19":{"name":"(anonymous_19)","decl":{"start":{"line":206,"column":31},"end":{"line":206,"column":32}},"loc":{"start":{"line":206,"column":58},"end":{"line":208,"column":13}}},"20":{"name":"(anonymous_20)","decl":{"start":{"line":211,"column":31},"end":{"line":211,"column":32}},"loc":{"start":{"line":211,"column":58},"end":{"line":213,"column":13}}},"21":{"name":"(anonymous_21)","decl":{"start":{"line":232,"column":39},"end":{"line":232,"column":40}},"loc":{"start":{"line":232,"column":66},"end":{"line":234,"column":21}}},"22":{"name":"(anonymous_22)","decl":{"start":{"line":257,"column":43},"end":{"line":257,"column":44}},"loc":{"start":{"line":257,"column":70},"en
[...]
oc":{"start":{"line":1327,"column":8},"end":{"line":1329,"column":9}},"type":"if","locations":[{"start":{"line":1327,"column":8},"end":{"line":1329,"column":9}},{"start":{"line":1327,"column":8},"end":{"line":1329,"column":9}}]},"218":{"loc":{"start":{"line":1327,"column":12},"end":{"line":1327,"column":48}},"type":"binary-expr","locations":[{"start":{"line":1327,"column":12},"end":{"line":1327,"column":18}},{"start":{"line":1327,"column":22},"end":{"line":1327,"column":48}}]},"219":{"loc":{"start":{"line":1344,"column":8},"end":{"line":1345,"column":21}},"type":"if","locations":[{"start":{"line":1344,"column":8},"end":{"line":1345,"column":21}},{"start":{"line":1344,"column":8},"end":{"line":1345,"column":21}}]},"220":{"loc":{"start":{"line":1346,"column":15},"end":{"line":1346,"column":29}},"type":"cond-expr","locations":[{"start":{"line":1346,"column":23},"end":{"line":1346,"column":25}},{"start":{"line":1346,"column":28},"end":{"line":1346,"column":29}}]},"221":{"loc":{"start":{"line":1351,"column":8},"end":{"line":1355,"column":9}},"type":"if","locations":[{"start":{"line":1351,"column":8},"end":{"line":1355,"column":9}},{"start":{"line":1351,"column":8},"end":{"line":1355,"column":9}}]},"222":{"loc":{"start":{"line":1356,"column":8},"end":{"line":1360,"column":9}},"type":"if","locations":[{"start":{"line":1356,"column":8},"end":{"line":1360,"column":9}},{"start":{"line":1356,"column":8},"end":{"line":1360,"column":9}}]},"223":{"loc":{"start":{"line":1365,"column":8},"end":{"line":1372,"column":9}},"type":"if","locations":[{"start":{"line":1365,"column":8},"end":{"line":1372,"column":9}},{"start":{"line":1365,"column":8},"end":{"line":1372,"column":9}}]},"224":{"loc":{"start":{"line":1385,"column":12},"end":{"line":1386,"column":22}},"type":"if","locations":[{"start":{"line":1385,"column":12},"end":{"line":1386,"column":22}},{"start":{"line":1385,"column":12},"end":{"line":1386,"column":22}}]}},"s":{"0":1,"1":1,"2":1,"3":1,"4":1,"5":1,"6":1,"7":1,"8":2,"9":2,"10":2,"11":1,"12":10,"13":10,"14":10,"15":10,"16":10,"17":10,"18":10,"19":10,"20":4,"21":4,"22":6,"23":6,"24":10,"25":8,"26":8,"27":5,"28":5,"29":29725,"30":29720,"31":0,"32":0,"33":0,"34":5,"35":2,"36":2,"37":2,"38":2,"39":154,"40":152,"41":0,"42":0,"43":0,"44":2,"45":8,"46":8,"47":8,"48":5,"49":5,"50":29720,"51":29720,"52":29720,"53":29720,"54":17945,"55":323060,"56":323060,"57":17945,"58":0,"59":0,"60":0,"61":5,"62":3,"63":2,"64":2,"65":152,"66":152,"67":2,"68":2,"69":2,"70":2,"71":152,"72":152,"73":152,"74":2,"75":2,"76":728,"77":728,"78":2,"79":0,"80":0,"81":0,"82":2,"83":1,"84":7,"85":0,"86":0,"87":0,"88":7,"89":0,"90":0,"91":0,"92":7,"93":5,"94":323060,"95":323060,"96":323060,"97":2,"98":2,"99":7,"100":7,"101":7,"102":7,"103":7,"104":7,"105":0,"106":0,"107":0,"108":7,"109":3,"110":1,"111":3,"112":3,"113":3,"114":2,"115":3,"116":3,"117":3,"118":1,"119":3,"120":3,"121":1,"122":2,"123":1,"124":1,"125":1,"126":116,"127":116,"128":116,"129":116,"130":116,"131":116,"132":116,"133":0,"134":0,"135":116,"136":30,"137":30,"138":86,"139":86,"140":86,"141":86,"142":63,"143":23,"144":21,"145":86,"146":2,"147":0,"148":0,"149":0,"150":0,"151":0,"152":0,"153":0,"154":0,"155":0,"156":2,"157":2,"158":2,"159":2,"160":2,"161":2,"162":2,"163":2,"164":2,"165":2,"166":2,"167":0,"168":0,"169":2,"170":2,"171":2,"172":0,"173":0,"174":86,"175":86,"176":86,"177":86,"178":86,"179":12,"180":86,"181":86,"182":84,"183":86,"184":86,"185":80,"186":80,"187":80,"188":80,"189":2657480,"190":2657480,"191":65340,"192":2592140,"193":545828,"194":16,"195":64,"196":10,"197":10,"198":63,"199":2,"200":63,"201":61,"202":61,"203":51,"204":10,"205":10,"206":10,"207":10,"208":2,"209":8,"210":0,"211":63,"212":63,"213":63,"214":63,"215":63,"216":23,"217":16,"218":16,"219":7,"220":7,"221":1,"222":1,"223":1,"224":10,"225":10,"226":10,"227":10,"228":10,"229":10,"230":7,"231":7,"232":7,"233":7,"234":3,"235":9,"236":11,"237":11,"238":1,"239":0,"240":11,"241":188,"242":188,"243":188,"244":188,"245":188,"246":11,"247":1,"248":11,"249":19,"250":19,"251":2,"252":17,"253":329,"254":329,"255":329,"256":17,"257":17,"258":1,"259":1,"260":16,"261":15,"262":15,"263":1,"264":1,"265":312,"266":312,"267":0,"268":0,"269":312,"270":312,"271":15,"272":15,"273":7,"274":0,"275":313,"276":609,"277":609,"278":312,"279":312,"280":313,"281":312,"282":312,"283":312,"284":6,"285":0,"286":6,"287":0,"288":0,"289":0,"290":46,"291":0,"292":46,"293":130,"294":0,"295":130,"296":130,"297":312,"298":312,"299":312,"300":312,"301":0,"302":0,"303":0,"304":0,"305":0,"306":0,"307":0,"308":0,"309":10,"310":0,"311":10,"312":10,"313":10,"314":10,"315":10,"316":34,"317":34,"318":34,"319":1438,"320":1438,"321":1123,"322":1438,"323":315,"324":315,"325":315,"326":34,"327":1,"328":1,"329":1,"330":24,"331":24,"332":34,"333":6,"334":6,"335":6,"336":8,"337":8,"338":6,"339":6,"340":0,"341":0,"342":0,"343":0,"344":0,"345":0,"346":46,"347":46,"348":46,"349":46,"350":46,"351":176,"352":176,"353":656,"354":656,"355":656,"356":656,"357":656,"358":176,"359":130,"360":130,"361":436,"362":436,"363":228,"364":130,"365":86,"366":86,"367":86,"368":86,"369":86,"370":6,"371":80,"372":80,"373":0,"374":80,"375":80,"376":80,"377":80,"378":0,"379":5657630,"380":5657630,"381":1,"382":5657629,"383":842871,"384":842871,"385":778259,"386":1,"387":778258,"388":1556515,"389":1556515,"390":1556515,"391":1556515,"392":842868,"393":452649,"394":452649,"395":388037,"396":0,"397":388037,"398":776801,"399":776801,"400":0,"401":776801,"402":776801,"403":776801,"404":452648,"405":324552,"406":976961,"407":469083,"408":1163326,"409":1163326,"410":1163326,"411":1163326,"412":1163322,"413":0,"414":1428187,"415":0,"416":80,"417":976961,"418":976961,"419":1,"420":976960,"421":976960,"422":976959,"423":301447,"424":675512,"425":324552,"426":324552,"427":2,"428":324550,"429":324550,"430":324548,"431":4812,"432":319736,"433":469083,"434":469083,"435":1,"436":469082,"437":469082,"438":469078,"439":4678,"440":464400,"441":1428187,"442":1428187,"443":2,"444":1428185,"445":1428185,"446":1428185,"447":1428184,"448":1428184,"449":1428184,"450":197112,"451":197112,"452":1231072,"453":194564,"454":194564,"455":1036508,"456":129952,"457":129952,"458":1428184,"459":1428184,"460":906556,"461":6026,"462":900530,"463":197112,"464":3531,"465":193581,"466":194564,"467":1285,"468":193279,"469":129952,"470":2327,"471":127625,"472":1415015,"473":0,"474":63,"475":63,"476":63,"477":63,"478":610021,"479":610021,"480":610021,"481":1239045,"482":1239045,"483":1238961,"484":610021,"485":610021,"486":63,"487":51,"488":5533081,"489":2203863,"490":3329218,"491":2740049,"492":589169,"493":0,"494":0,"495":0,"496":0,"497":0,"498":0,"499":0,"500":0,"501":0,"502":0,"503":0,"504":0,"505":0,"506":0,"507":0,"508":322,"509":322,"510":243,"511":322,"512":79,"513":322,"514":1113,"515":1113,"516":311,"517":11,"518":182,"519":182,"520":182,"521":0,"522":182,"523":182,"524":0,"525":116,"526":116,"527":4,"528":112,"529":112,"530":1,"531":111,"532":111,"533":12,"534":12,"535":12,"536":12,"537":12,"538":12,"539":12,"540":12,"541":111,"542":1,"543":110,"544":3,"545":107,"546":107,"547":107,"548":1,"549":106,"550":240,"551":2,"552":104,"553":104,"554":104,"555":104,"556":104,"557":78,"558":26,"559":22,"560":104,"561":4,"562":2,"563":2,"564":2,"565":2,"566":0,"567":2,"568":0,"569":2,"570":2,"571":2,"572":2,"573":2,"574":2,"575":2,"576":2,"577":2,"578":2,"579":2,"580":2,"581":2,"582":0,"583":0,"584":2,"585":2,"586":2,"587":0,"588":102,"589":225,"590":213,"591":4,"592":12,"593":0,"594":98,"595":96,"596":96,"597":1,"598":95,"599":1,"600":94,"601":79,"602":78,"603":5,"604":1,"605":1,"606":88,"607":15,"608":15,"609":15,"610":15,"611":0,"612":15,"613":0,"614":15,"615":0,"616":15,"617":26,"618":26,"619":17,"620":1,"621":9,"622":0,"623":87,"624":73,"625":2,"626":87,"627":12,"628":12,"629":0,"630":12,"631":0,"632":12,"633":12,"634":12,"635":0,"636":12,"637":14,"638":14,"639":1,"640":12,"641":25,"642":25,"643":13,"644":0,"645":13,"646":12,"647":0,"648":87,"649":1,"650":86,"651":323060,"652":323060,"653":323060,"654":0,"655":323060,"656":323060,"657":323060,"658":323060,"659":323060,"660":323060,"661":323060,"662":323060,"663":323060,"664":323060,"665":323060,"666":323060,"667":323060,"668":323060,"669":323060,"670":323060,"671":323060,"672":323060,"673":323060,"674":323060,"675":323060,"676":323060,"677":123105,"678":323060,"679":323060,"680":0,"681":323060,"682":0,"683":152,"684":152,"685":152,"686":152,"687":152,"688":152,"689":152,"690":152,"691":0,"692":152,"693":152,"694":152,"695":152,"696":92,"697":92,"698":92,"699":60,"700":60,"701":92,"702":92,"703":92,"704":92,"705":92,"706":88,"707":88,"708":92,"709":1556,"710":1556,"711":824,"712":732,"713":732,"714":732,"715":8052,"716":8052,"717":4392,"718":3660,"719":3660,"720":3660,"721":732,"722":732,"723":732,"724":732,"725":732,"726":732,"727":732,"728":732,"729":732,"730":732,"731":730,"732":730,"733":730,"734":730,"735":730,"736":730,"737":732,"738":732,"739":732,"740":732,"741":732,"742":732,"743":732,"744":732,"745":732,"746":732,"747":732,"748":732,"749":732,"750":732,"751":732,"752":4,"753":728,"754":728,"755":728,"756":92,"757":92,"758":0,"759":0,"760":92,"761":92,"762":92,"763":92,"764":92,"765":92,"766":92,"767":92,"768":92,"769":92,"770":92,"771":92,"772":92,"773":0,"774":0,"775":92,"776":92,"777":184,"778":184,"779":92,"780":92,"781":92,"782":92,"783":92,"784":157780,"785":81912,"786":81912,"787":81912,"788":100044,"789":100044,"790":276,"791":81636,"792":81636,"793":157504,"794":157504,"795":157504,"796":1656,"797":75868,"798":460,"799":276,"800":92,"801":92,"802":92,"803":92,"804":92,"805":184,"806":184,"807":368,"808":368,"809":368,"810":184,"811":184,"812":276,"813":184,"814":184,"815":92,"816":92,"817":92,"818":92,"819":92,"820":92,"821":92,"822":92,"823":92,"824":184,"825":184,"826":184,"827":92,"828":92,"829":152,"830":152,"831":1064,"832":1064,"833":152,"834":152,"835":608,"836":608,"837":152,"838":185848,"839":96338,"840":92,"841":96246,"842":96246,"843":185696,"844":185696,"845":185696,"846":920,"847":89510,"848":3198777,"849":3198769,"850":8,"851":7,"852":7,"853":7,"854":7,"855":0,"856":0,"857":10,"858":10,"859":10,"860":10,"861":5017,"862":1229,"863":3788,"864":10,"865":11,"866":11,"867":11,"868":0,"869":0,"870":11,"871":11,"872":2669,"873":0,"874":10,"875":16,"876":16,"877":5,"878":5,"879":11,"880":11,"881":16,"882":10,"883":4127,"884":5017,"885":5017,"886":5017,"887":5017,"888":5017,"889":3788,"890":4127},"f":{"0":1,"1":2,"2":10,"3":10,"4":8,"5":29725,"6":154,"7":8,"8":2,"9":7,"10":7,"11":3,"12":3,"13":3,"14":3,"15":3,"16":1,"17":1,"18":116,"19":0,"20":30,"21":0,"22":0,"23":80,"24":2657480,"25":63,"26":23,"27":16,"28":7,"29":10,"30":11,"31":313,"32":312,"33":10,"34":34,"35":6,"36":0,"37":46,"38":176,"39":130,"40":86,"41":86,"42":86,"43":80,"44":5657630,"45":80,"46":976961,"47":324552,"48":469083,"49":1428187,"50":63,"51":51,"52":5533081,"53":0,"54":322,"55":182,"56":116,"57":323060,"58":152,"59":152,"60":92,"61":92,"62":92,"63":92,"64":92,"65":92,"66":0,"67":92,"68":157780,"69":460,"70":276,"71":152,"72":185848,"73":3198777,"74":7,"75":10,"76":5017,"77":11,"78":0,"79":2669,"80":4127},"b":{"0":[4,6],"1":[5,2],"2":[29720,5],"3":[152,2],"4":[5,3],"5":[17945,11775],"6":[2,1],"7":[152,0],"8":[2,0],"9":[0,7],"10":[0,7],"11":[5,2],"12":[323060,0],"13":[2,0],"14":[7,0],"15":[2,1],"16":[1,2],"17":[1,2],"18":[30,86],"19":[63,23],"20":[21,2],"21":[2,84],"22":[0,2],"23":[0,0],"24":[0,0],"25":[0,2],"26":[2,0],"27":[12,74],"28":[84,2],"29":[65340,2592140],"30":[545828,2046296],"31":[10,54],"32":[10,0],"33":[10,10],"34":[2,61],"35":[61,2],"36":[51,10],"37":[10,0],"38":[2,8],"39":[16,7],"40":[7,3],"41":[1,10],"42":[0,1],"43":[1,10],"44":[19,0],"45":[2,17],"46":[17,312],"47":[1,16],"48":[15,1],"49":[1,0],"50":[0,312],"51":[15,0],"52":[7,8],"53":[312,297],"54":[6,0,46,130,130],"55":[0,6],"56":[0,0],"57":[0,46],"58":[0,130],"59":[312,0],"60":[0,0],"61":[0,10],"62":[10,0],"63":[1123,315],"64":[315,1123],"65":[1,33],"66":[6,2],"67":[0,0],"68":[228,208],"69":[6,80],"70":[0,80],"71":[1,5657629],"72":[5657630,5657629],"73":[842871,452649,324552,976961,469083,1163326,1428187,0],"74":[778259,64612],"75":[1,778258],"76":[1556515,1137534],"77":[388037,64612],"78":[0,388037],"79":[0,776801],"80":[776801,764630],"81":[1163326,0],"82":[1163326,1163326],"83":[1,976960],"84":[301447,675512],"85":[2,324550],"86":[4812,319736],"87":[1,469082],"88":[4678,464400],"89":[2,1428185],"90":[197112,1231072],"91":[1428184,391676],"92":[194564,1036508],"93":[129952,906556],"94":[906556,197112,194564,129952],"95":[6026,900530],"96":[3531,193581],"97":[1285,193279],"98":[2327,127625],"99":[1238961,84],"100":[610021,0],"101":[2203863,3329218],"102":[2740049,589169],"103":[0,0],"104":[0,0],"105":[0,0],"106":[0,0],"107":[0,0],"108":[0,0],"109":[243,79],"110":[79,243],"111":[311,802],"112":[0,182],"113":[182,0],"114":[4,112],"115":[116,113],"116":[1,111],"117":[12,99],"118":[12,0],"119":[1,110],"120":[3,107],"121":[110,109],"122":[1,106],"123":[2,238],"124":[78,26],"125":[22,4],"126":[4,100],"127":[2,2],"128":[0,2],"129":[0,2],"130":[2,0],"131":[0,2],"132":[2,0],"133":[213,12],"134":[4,209],"135":[0,12],"136":[96,2],"137":[1,95],"138":[96,16],"139":[1,94],"140":[79,15],"141":[78,1],"142":[5,73],"143":[1,0],"144":[15,73],"145":[0,15],"146":[15,10],"147":[0,15],"148":[0,15],"149":[17,9],"150":[1,16],"151":[0,9],"152":[73,14],"153":[2,71],"154":[12,75],"155":[0,12],"156":[12,12],"157":[0,12],"158":[12,12],"159":[12,0],"160":[12,12],"161":[0,12],"162":[1,13],"163":[13,12],"164":[0,13],"165":[0,12],"166":[1,86],"167":[0,323060],"168":[323060,0],"169":[323060,0],"170":[323060,0],"171":[323060,0],"172":[323060,0],"173":[323060,0],"174":[323060,0],"175":[323060,0],"176":[323060,0],"177":[323060,0],"178":[323060,0],"179":[123105,199955],"180":[0,323060],"181":[323060,0,0,0,0,0],"182":[0,152],"183":[92,60],"184":[152,152],"185":[88,4],"186":[824,732],"187":[4392,3660],"188":[732,732,730,732,732],"189":[4,728],"190":[732,728],"191":[92,92],"192":[92,0],"193":[81912,75868],"194":[81912,0],"195":[81912,81912],"196":[276,99768],"197":[1656,155848],"198":[157504,81636],"199":[276,184],"200":[92,184],"201":[92,0],"202":[92,0],"203":[184,184],"204":[368,184],"205":[184,92],"206":[92,92],"207":[92,0],"208":[92,92],"209":[184,92],"210":[152,912],"211":[152,456],"212":[96338,89510],"213":[92,96246],"214":[920,184776],"215":[185696,96186],"216":[3198769,8],"217":[7,0],"218":[7,7],"219":[1229,3788],"220":[1941,1847],"221":[0,11],"222":[11,0],"223":[5,11],"224":[3788,1229]},"_coverageSchema":"332fd63041d2c1bcb487cc26dd0d5f7d97098a6c","hash":"5c7e6f3896076b2c66fda37a823c6e9cb7173983","contentHash":"94b81a7763a2b5c96403dc3d289a1ca4_10.0.0"},"/Users/alfredhong/Desktop/CPSC310/cpsc310project_team183/src/controller/CourseResp.js":{"path":"/Users/alfredhong/Desktop/CPSC310/cpsc310project_team183/src/controller/CourseResp.js","statementMap":{"0":{"start":{"line":2,"column":13},"end":{"line":2,"column":31}},"1":{"start":{"line":3,"column":12},"end":{"line":3,"column":28}},"2":{"start":{"line":4,"column":9},"end":{"line":4,"column":22}},"3":{"start":{"line":5,"column":18},"end":{"line":23,"column":3}},"4":{"start":{"line":7,"column":8},"end":{"line":7,"column":22}},"5":{"start":{"line":8,"column":8},"end":{"line":8,"column":58}},"6":{"start":{"line":10,"column":4},"end":{"line":12,"column":6}},"7":{"start":{"line":11,"column":8},"end":{"line":11,"column":25}},"8":{"start":{"line":13,"column":4},"end":{"line":15,"column":6}},"9":{"start":{"line":14,"column":8},"end":{"line":14,"column":26}},"10":{"start":{"line":16,"column":4},"end":{"line":18,"column":6}},"11":{"start":{"line":17,"column":8},"end":{"line":17,"column":25}},"12":{"start":{"line":19,"column":4},"end":{"line":21,"column":6}},"13":{"start":{"line":20,"column":8},"end":{"line":20,"column":26}},"14":{"start":{"line":22,"column":4},"end":{"line":22,"column":22}},"15":{"start":{"line":24,"column":0},"end":{"line":24,"column":62}},"16":{"start":{"line":25,"column":0},"end":{"line":25,"column":29}}},"fnMap":{"0":{"name":"(anonymous_0)","decl":{"start":{"line":5,"column":18},"end":{"line":5,"column":19}},"loc":{"start":{"line":5,"column":30},"end":{"line":23,"column":1}}},"1":{"name":"CourseResp","decl":{"start":{"line":6,"column":13},"end":{"line":6,"column":23}},"loc":{"start":{"line":6,"column":26},"end":{"line":9,"column":5}}},"2":{"name":"(anonymous_2)","decl":{"start":{"line":10,"column":36},"end":{"line":10,"column":37}},"loc":{"start":{"line":10,"column":48},"end":{"line":12,"column":5}}},"3":{"name":"(anonymous_3)","decl":{"start":{"line":13,"column":36},"end":{"line":13,"column":37}},"loc":{"start":{"line":13,"column":53},"end":{"line":15,"column":5}}},"4":{"name":"(anonymous_4)","decl":{"start":{"line":16,"column":36},"end":{"line":16,"column":37}},"loc":{"start":{"line":16,"column":48},"end":{"line":18,"column":5}}},"5":{"name":"(anonymous_5)","decl":{"start":{"line":19,"column":36},"end":{"line":19,"column":37}},"loc":{"start":{"line":19,"column":53},"end":{"line":21,"column":5}}}},"branchMap":{},"s":{"0":1,"1":1,"2":1,"3":1,"4":13,"5":13,"6":1,"7":0,"8":1,"9":10,"10":1,"11":0,"12":1,"13":17,"14":1,"15":1,"16":1},"f":{"0":1,"1":13,"2":0,"3":10,"4":0,"5":17},"b":{},"_coverageSchema":"332fd63041d2c1bcb487cc26dd0d5f7d97098a6c","hash":"102f29dd47441affa3fac3b336c07bb67fc4665f","contentHash":"2982b3e732526fdb81f9dbe96d350548_10.0.0"},"/Users/alfredhong/Desktop/CPSC310/cpsc310project_team183/src/Util.js":{"path":"/Users/alfredhong/Desktop/CPSC310/cpsc310project_team183/src/Util.js","statementMap":{"0":{"start":{"line":2,"column":11},"end":{"line":21,"column":3}},"1":{"start":{"line":5,"column":4},"end":{"line":7,"column":6}},"2":{"start":{"line":6,"column":8},"end":{"line":6,"column":71}},"3":{"start":{"line":8,"column":4},"end":{"line":10,"column":6}},"4":{"start":{"line":9,"column":8},"end":{"line":9,"column":71}},"5":{"start":{"line":11,"column":4},"end":{"line":13,"column":6}},"6":{"start":{"line":12,"column":8},"end":{"line":12,"column":73}},"7":{"start":{"line":14,"column":4},"end":{"line":16,"column":6}},"8":{"start":{"line":15,"column":8},"end":{"line":15,"column":73}},"9":{"start":{"line":17,"column":4},"end":{"line":19,"column":6}},"10":{"start":{"line":18,"column":8},"end":{"line":18,"column":71}},"11":{"start":{"line":20,"column":4},"end":{"line":20,"column":15}},"12":{"start":{"line":22,"column":0},"end":{"line":22,"column":62}},"13":{"start":{"line":23,"column":0},"end":{"line":23,"column":22}}},"fnMap":{"0":{"name":"(anonymous_0)","decl":{"start":{"line":2,"column":11},"end":{"line":2,"column":12}},"loc":{"start":{"line":2,"column":23},"end":{"line":21,"column":1}}},"1":{"name":"Log","decl":{"start":{"line":3,"column":13},"end":{"line":3,"column":16}},"loc":{"start":{"line":3,"column":19},"end":{"line":4,"column":5}}},"2":{"name":"(anonymous_2)","decl":{"start":{"line":5,"column":16},"end":{"line":5,"column":17}},"loc":{"start":{"line":5,"column":31},"end":{"line":7,"column":5}}},"3":{"name":"(anonymous_3)","decl":{"start":{"line":8,"column":15},"end":{"line":8,"column":16}},"loc":{"start":{"line":8,"column":30},"end":{"line":10,"column":5}}},"4":{"name":"(anonymous_4)","decl":{"start":{"line":11,"column":15},"end":{"line":11,"column":16}},"loc":{"start":{"line":11,"column":30},"end":{"line":13,"column":5}}},"5":{"name":"(anonymous_5)","decl":{"start":{"line":14,"column":16},"end":{"line":14,"column":17}},"loc":{"start":{"line":14,"column":31},"end":{"line":16,"column":5}}},"6":{"name":"(anonymous_6)","decl":{"start":{"line":17,"column":15},"end":{"line":17,"column":16}},"loc":{"start":{"line":17,"column":30},"end":{"line":19,"column":5}}}},"branchMap":{},"s":{"0":1,"1":1,"2":19,"3":1,"4":4,"5":1,"6":0,"7":1,"8":0,"9":1,"10":15,"11":1,"12":1,"13":1},"f":{"0":1,"1":0,"2":19,"3":4,"4":0,"5":0,"6":15},"b":{},"_coverageSchema":"332fd63041d2c1bcb487cc26dd0d5f7d97098a6c","hash":"3186e8f8776e6c48fcb260a3f5a4eb6bf5d9343b","contentHash":"0ed72aa2cb0c6a35aa587a9333cf4529_10.0.0"}}